Release 14.7 Map P.20131013 (nt64)
Xilinx Mapping Report File for Design 'top'

Design Information
------------------
Command Line   : map -intstyle ise -p xc6slx16-csg324-2 -w -logic_opt off -ol
high -t 1 -xt 0 -register_duplication off -r 4 -global_opt off -mt off -ir off
-pr off -lc off -power off -o top_map.ncd top.ngd top.pcf 
Target Device  : xc6slx16
Target Package : csg324
Target Speed   : -2
Mapper Version : spartan6 -- $Revision: 1.55 $
Mapped Date    : Tue Jul 09 17:55:13 2019

Design Summary
--------------
Number of errors:      0
Number of warnings:    4
Slice Logic Utilization:
  Number of Slice Registers:                 2,259 out of  18,224   12%
    Number used as Flip Flops:               2,253
    Number used as Latches:                      0
    Number used as Latch-thrus:                  0
    Number used as AND/OR logics:                6
  Number of Slice LUTs:                      2,230 out of   9,112   24%
    Number used as logic:                    2,136 out of   9,112   23%
      Number using O6 output only:           1,223
      Number using O5 output only:             137
      Number using O5 and O6:                  776
      Number used as ROM:                        0
    Number used as Memory:                       6 out of   2,176    1%
      Number used as Dual Port RAM:              0
      Number used as Single Port RAM:            0
      Number used as Shift Register:             6
        Number using O6 output only:             2
        Number using O5 output only:             0
        Number using O5 and O6:                  4
    Number used exclusively as route-thrus:     88
      Number with same-slice register load:     37
      Number with same-slice carry load:        51
      Number with other load:                    0

Slice Logic Distribution:
  Number of occupied Slices:                   890 out of   2,278   39%
  Number of MUXCYs used:                       888 out of   4,556   19%
  Number of LUT Flip Flop pairs used:        2,924
    Number with an unused Flip Flop:           984 out of   2,924   33%
    Number with an unused LUT:                 694 out of   2,924   23%
    Number of fully used LUT-FF pairs:       1,246 out of   2,924   42%
    Number of unique control sets:              92
    Number of slice register sites lost
      to control set restrictions:             129 out of  18,224    1%

  A LUT Flip Flop pair for this architecture represents one LUT paired with
  one Flip Flop within a slice.  A control set is a unique combination of
  clock, reset, set, and enable signals for a registered element.
  The Slice Logic Distribution report is not meaningful if the design is
  over-mapped for a non-slice resource or if Placement fails.

IO Utilization:
  Number of bonded IOBs:                        42 out of     232   18%
    Number of LOCed IOBs:                       42 out of      42  100%

Specific Feature Utilization:
  Number of RAMB16BWERs:                         2 out of      32    6%
  Number of RAMB8BWERs:                          1 out of      64    1%
  Number of BUFIO2/BUFIO2_2CLKs:                 1 out of      32    3%
    Number used as BUFIO2s:                      1
    Number used as BUFIO2_2CLKs:                 0
  Number of BUFIO2FB/BUFIO2FB_2CLKs:             1 out of      32    3%
    Number used as BUFIO2FBs:                    1
    Number used as BUFIO2FB_2CLKs:               0
  Number of BUFG/BUFGMUXs:                       4 out of      16   25%
    Number used as BUFGs:                        4
    Number used as BUFGMUX:                      0
  Number of DCM/DCM_CLKGENs:                     1 out of       4   25%
    Number used as DCMs:                         1
    Number used as DCM_CLKGENs:                  0
  Number of ILOGIC2/ISERDES2s:                   0 out of     248    0%
  Number of IODELAY2/IODRP2/IODRP2_MCBs:         0 out of     248    0%
  Number of OLOGIC2/OSERDES2s:                   0 out of     248    0%
  Number of BSCANs:                              0 out of       4    0%
  Number of BUFHs:                               0 out of     128    0%
  Number of BUFPLLs:                             0 out of       8    0%
  Number of BUFPLL_MCBs:                         0 out of       4    0%
  Number of DSP48A1s:                            0 out of      32    0%
  Number of ICAPs:                               0 out of       1    0%
  Number of MCBs:                                0 out of       2    0%
  Number of PCILOGICSEs:                         0 out of       2    0%
  Number of PLL_ADVs:                            0 out of       2    0%
  Number of PMVs:                                0 out of       1    0%
  Number of STARTUPs:                            0 out of       1    0%
  Number of SUSPEND_SYNCs:                       0 out of       1    0%

Average Fanout of Non-Clock Nets:                3.89

Peak Memory Usage:  586 MB
Total REAL time to MAP completion:  34 secs 
Total CPU time to MAP completion:   33 secs 

Table of Contents
-----------------
Section 1 - Errors
Section 2 - Warnings
Section 3 - Informational
Section 4 - Removed Logic Summary
Section 5 - Removed Logic
Section 6 - IOB Properties
Section 7 - RPMs
Section 8 - Guide Report
Section 9 - Area Group and Partition Summary
Section 10 - Timing Report
Section 11 - Configuration String Information
Section 12 - Control Set Information
Section 13 - Utilization by Hierarchy

Section 1 - Errors
------------------

Section 2 - Warnings
--------------------
WARNING:Place:1206 - This design contains a global buffer instance,
   <cmos_pll_m0/clkout2_buf>, driving the net, <cmos_xclk_OBUF>, that is driving
   the following (first 30) non-clock load pins off chip.
   < PIN: cmos_xclk.O; >
   This design practice, in Spartan-6, can lead to an unroutable situation due
   to limitations in the global routing. If the design does route there may be
   excessive delay or skew on this net. It is recommended to use a Clock
   Forwarding technique to create a reliable and repeatable low skew solution:
   instantiate an ODDR2 component; tie the .D0 pin to Logic1; tie the .D1 pin to
   Logic0; tie the clock net to be forwarded to .C0; tie the inverted clock to
   .C1. This is normally an ERROR but the CLOCK_DEDICATED_ROUTE constraint was
   applied on COMP.PIN <cmos_pll_m0/clkout2_buf.O> allowing your design to
   continue. This constraint disables all clock placer rules related to the
   specified COMP.PIN.
WARNING:Place:1137 - This design is not guaranteed to be routable! This design
   contains a global buffer instance, <cmos_pll_m0/clkout2_buf>, driving the
   net, <cmos_xclk_OBUF>, that is driving the following (first 30) non-clock
   load pins.
   < PIN: cmos_xclk.O; >
   This is not a recommended design practice in Spartan-6 due to limitations in
   the global routing that may cause excessive delay, skew or unroutable
   situations.  It is recommended to only use a BUFG resource to drive clock
   loads. Please pay extra attention to the timing and routing of this path to
   ensure the design goals are met. This is normally an ERROR but the
   CLOCK_DEDICATED_ROUTE constraint was applied on COMP.PIN
   <cmos_pll_m0/clkout2_buf.O> allowing your design to continue. This constraint
   disables all clock placer rules related to the specified COMP.PIN.
WARNING:Place:1109 - A clock IOB / BUFGMUX clock component pair have been found
   that are not placed at an optimal clock IOB / BUFGMUX site pair. The clock
   IOB component <cmos_pclk> is placed at site <U17>. The corresponding BUFG
   component <cmos_pclk_BUFGP/BUFG> is placed at site <BUFGMUX_X3Y8>. There is
   only a select set of IOBs that can use the fast path to the Clocker buffer,
   and they are not being used. You may want to analyze why this problem exists
   and correct it. This is normally an ERROR but the CLOCK_DEDICATED_ROUTE
   constraint was applied on COMP.PIN <cmos_pclk.PAD> allowing your design to
   continue. This constraint disables all clock placer rules related to the
   specified COMP.PIN. The use of this override is highly discouraged as it may
   lead to very poor timing results. It is recommended that this error condition
   be corrected in the design.
WARNING:PhysDesignRules:2410 - This design is using one or more 9K Block RAMs
   (RAMB8BWER).  9K Block RAM initialization data, both user defined and
   default, may be incorrect and should not be used.  For more information,
   please reference Xilinx Answer Record 39999.

Section 3 - Informational
-------------------------
INFO:LIT:243 - Logical network e_rxer_IBUF has no load.
INFO:LIT:395 - The above info message is repeated 16 more times for the
   following (max. 5 shown):
   e_txc_IBUF,
   camera_fifo_inst/U0/xst_fifo_generator/gconvfifo.rf/grf.rf/gntv_or_sync_fifo.
   gl0.rd/gras.grdc1.rdc/rd_dc_i<11>,
   camera_fifo_inst/U0/xst_fifo_generator/gconvfifo.rf/grf.rf/gntv_or_sync_fifo.
   gl0.wr/gwas.gwdc0.wdc/wr_data_count_i<11>,
   camera_fifo_inst/U0/xst_fifo_generator/gconvfifo.rf/grf.rf/gntv_or_sync_fifo.
   gl0.wr/gwas.gwdc0.wdc/wr_data_count_i<10>,
   camera_fifo_inst/U0/xst_fifo_generator/gconvfifo.rf/grf.rf/gntv_or_sync_fifo.
   gl0.wr/gwas.gwdc0.wdc/wr_data_count_i<9>
   To see the details of these info messages, please use the -detail switch.
INFO:MapLib:562 - No environment variables are currently set.
INFO:Pack:1716 - Initializing temperature to 85.000 Celsius. (default - Range:
   0.000 to 85.000 Celsius)
INFO:Pack:1720 - Initializing voltage to 1.140 Volts. (default - Range: 1.140 to
   1.260 Volts)
INFO:Map:215 - The Interim Design Summary has been generated in the MAP Report
   (.mrp).
INFO:Pack:1650 - Map created a placed design.
INFO:PhysDesignRules:1861 - To achieve optimal frequency synthesis performance
   with the CLKFX and CLKFX180 outputs of the DCM comp cmos_pll_m0/dcm_sp_inst,
   consult the device Data Sheet.

Section 4 - Removed Logic Summary
---------------------------------
  53 block(s) removed
   5 block(s) optimized away
  53 signal(s) removed

Section 5 - Removed Logic
-------------------------

The trimmed logic report below shows the logic removed from your design due to
sourceless or loadless signals, and VCC or ground connections.  If the removal
of a signal or symbol results in the subsequent removal of an additional signal
or symbol, the message explaining that second removal will be indented.  This
indentation will be repeated as a chain of related logic is removed.

To quickly locate the original cause for the removal of a chain of logic, look
above the place where that logic is listed in the trimming report, then locate
the lines that are least indented (begin at the leftmost edge).

The signal
"camera_fifo_inst/U0/xst_fifo_generator/gconvfifo.rf/grf.rf/gntv_or_sync_fifo.gl
0.rd/gras.grdc1.rdc/rd_dc_i<11>" is sourceless and has been removed.
The signal
"camera_fifo_inst/U0/xst_fifo_generator/gconvfifo.rf/grf.rf/gntv_or_sync_fifo.gl
0.wr/gwas.gwdc0.wdc/wr_data_count_i<11>" is sourceless and has been removed.
The signal
"camera_fifo_inst/U0/xst_fifo_generator/gconvfifo.rf/grf.rf/gntv_or_sync_fifo.gl
0.wr/gwas.gwdc0.wdc/wr_data_count_i<10>" is sourceless and has been removed.
The signal
"camera_fifo_inst/U0/xst_fifo_generator/gconvfifo.rf/grf.rf/gntv_or_sync_fifo.gl
0.wr/gwas.gwdc0.wdc/wr_data_count_i<9>" is sourceless and has been removed.
The signal
"camera_fifo_inst/U0/xst_fifo_generator/gconvfifo.rf/grf.rf/gntv_or_sync_fifo.gl
0.wr/gwas.gwdc0.wdc/wr_data_count_i<8>" is sourceless and has been removed.
The signal
"camera_fifo_inst/U0/xst_fifo_generator/gconvfifo.rf/grf.rf/gntv_or_sync_fifo.gl
0.wr/gwas.gwdc0.wdc/wr_data_count_i<7>" is sourceless and has been removed.
The signal
"camera_fifo_inst/U0/xst_fifo_generator/gconvfifo.rf/grf.rf/gntv_or_sync_fifo.gl
0.wr/gwas.gwdc0.wdc/wr_data_count_i<6>" is sourceless and has been removed.
The signal
"camera_fifo_inst/U0/xst_fifo_generator/gconvfifo.rf/grf.rf/gntv_or_sync_fifo.gl
0.wr/gwas.gwdc0.wdc/wr_data_count_i<5>" is sourceless and has been removed.
The signal
"camera_fifo_inst/U0/xst_fifo_generator/gconvfifo.rf/grf.rf/gntv_or_sync_fifo.gl
0.wr/gwas.gwdc0.wdc/wr_data_count_i<4>" is sourceless and has been removed.
The signal
"camera_fifo_inst/U0/xst_fifo_generator/gconvfifo.rf/grf.rf/gntv_or_sync_fifo.gl
0.wr/gwas.gwdc0.wdc/wr_data_count_i<3>" is sourceless and has been removed.
The signal
"camera_fifo_inst/U0/xst_fifo_generator/gconvfifo.rf/grf.rf/gntv_or_sync_fifo.gl
0.wr/gwas.gwdc0.wdc/wr_data_count_i<2>" is sourceless and has been removed.
The signal
"camera_fifo_inst/U0/xst_fifo_generator/gconvfifo.rf/grf.rf/gntv_or_sync_fifo.gl
0.wr/gwas.gwdc0.wdc/wr_data_count_i<1>" is sourceless and has been removed.
The signal
"camera_fifo_inst/U0/xst_fifo_generator/gconvfifo.rf/grf.rf/gntv_or_sync_fifo.gl
0.wr/gwas.gwdc0.wdc/wr_data_count_i<0>" is sourceless and has been removed.
The signal
"camera_fifo_inst/U0/xst_fifo_generator/gconvfifo.rf/grf.rf/gntv_or_sync_fifo.gl
0.wr/gwas.wsts/ram_full_i" is sourceless and has been removed.
The signal
"camera_fifo_inst/U0/xst_fifo_generator/gconvfifo.rf/grf.rf/gntv_or_sync_fifo.gl
0.rd/gras.rsts/ram_empty_i" is sourceless and has been removed.
The signal
"camera_fifo_inst/U0/xst_fifo_generator/gconvfifo.rf/grf.rf/gntv_or_sync_fifo.gl
0.rd/gras.grdc1.rdc/GND_178_o_GND_178_o_sub_2_OUT<11>" is sourceless and has
been removed.
 Sourceless block
"camera_fifo_inst/U0/xst_fifo_generator/gconvfifo.rf/grf.rf/gntv_or_sync_fifo.gl
0.rd/gras.grdc1.rdc/rd_dc_i_11" (FF) removed.
The signal
"camera_fifo_inst/U0/xst_fifo_generator/gconvfifo.rf/grf.rf/gntv_or_sync_fifo.gl
0.rd/gras.grdc1.rdc/Msub_GND_178_o_GND_178_o_sub_2_OUT<11:0>_cy<10>" is
sourceless and has been removed.
 Sourceless block
"camera_fifo_inst/U0/xst_fifo_generator/gconvfifo.rf/grf.rf/gntv_or_sync_fifo.gl
0.rd/gras.grdc1.rdc/Msub_GND_178_o_GND_178_o_sub_2_OUT<11:0>_xor<11>" (XOR)
removed.
The signal
"camera_fifo_inst/U0/xst_fifo_generator/gconvfifo.rf/grf.rf/gntv_or_sync_fifo.gl
0.rd/gras.grdc1.rdc/Msub_GND_178_o_GND_178_o_sub_2_OUT<11:0>_lut<11>" is
sourceless and has been removed.
The signal
"camera_fifo_inst/U0/xst_fifo_generator/gconvfifo.rf/grf.rf/gntv_or_sync_fifo.gl
0.wr/gwas.gwdc0.wdc/Msub_GND_184_o_GND_184_o_sub_2_OUT<11:0>_cy<10>" is
sourceless and has been removed.
 Sourceless block
"camera_fifo_inst/U0/xst_fifo_generator/gconvfifo.rf/grf.rf/gntv_or_sync_fifo.gl
0.wr/gwas.gwdc0.wdc/Msub_GND_184_o_GND_184_o_sub_2_OUT<11:0>_xor<11>" (XOR)
removed.
  The signal
"camera_fifo_inst/U0/xst_fifo_generator/gconvfifo.rf/grf.rf/gntv_or_sync_fifo.gl
0.wr/gwas.gwdc0.wdc/GND_184_o_GND_184_o_sub_2_OUT<11>" is sourceless and has
been removed.
   Sourceless block
"camera_fifo_inst/U0/xst_fifo_generator/gconvfifo.rf/grf.rf/gntv_or_sync_fifo.gl
0.wr/gwas.gwdc0.wdc/wr_data_count_i_11" (FF) removed.
The signal
"camera_fifo_inst/U0/xst_fifo_generator/gconvfifo.rf/grf.rf/gntv_or_sync_fifo.gl
0.wr/gwas.gwdc0.wdc/Msub_GND_184_o_GND_184_o_sub_2_OUT<11:0>_lut<11>" is
sourceless and has been removed.
The signal
"camera_fifo_inst/U0/xst_fifo_generator/gconvfifo.rf/grf.rf/gntv_or_sync_fifo.gl
0.wr/gwas.gwdc0.wdc/Msub_GND_184_o_GND_184_o_sub_2_OUT<11:0>_cy<9>" is
sourceless and has been removed.
 Sourceless block
"camera_fifo_inst/U0/xst_fifo_generator/gconvfifo.rf/grf.rf/gntv_or_sync_fifo.gl
0.wr/gwas.gwdc0.wdc/Msub_GND_184_o_GND_184_o_sub_2_OUT<11:0>_xor<10>" (XOR)
removed.
  The signal
"camera_fifo_inst/U0/xst_fifo_generator/gconvfifo.rf/grf.rf/gntv_or_sync_fifo.gl
0.wr/gwas.gwdc0.wdc/GND_184_o_GND_184_o_sub_2_OUT<10>" is sourceless and has
been removed.
   Sourceless block
"camera_fifo_inst/U0/xst_fifo_generator/gconvfifo.rf/grf.rf/gntv_or_sync_fifo.gl
0.wr/gwas.gwdc0.wdc/wr_data_count_i_10" (FF) removed.
 Sourceless block
"camera_fifo_inst/U0/xst_fifo_generator/gconvfifo.rf/grf.rf/gntv_or_sync_fifo.gl
0.wr/gwas.gwdc0.wdc/Msub_GND_184_o_GND_184_o_sub_2_OUT<11:0>_cy<10>" (MUX)
removed.
The signal
"camera_fifo_inst/U0/xst_fifo_generator/gconvfifo.rf/grf.rf/gntv_or_sync_fifo.gl
0.wr/gwas.gwdc0.wdc/Msub_GND_184_o_GND_184_o_sub_2_OUT<11:0>_lut<10>" is
sourceless and has been removed.
The signal
"camera_fifo_inst/U0/xst_fifo_generator/gconvfifo.rf/grf.rf/gntv_or_sync_fifo.gl
0.wr/gwas.gwdc0.wdc/Msub_GND_184_o_GND_184_o_sub_2_OUT<11:0>_cy<8>" is
sourceless and has been removed.
 Sourceless block
"camera_fifo_inst/U0/xst_fifo_generator/gconvfifo.rf/grf.rf/gntv_or_sync_fifo.gl
0.wr/gwas.gwdc0.wdc/Msub_GND_184_o_GND_184_o_sub_2_OUT<11:0>_xor<9>" (XOR)
removed.
  The signal
"camera_fifo_inst/U0/xst_fifo_generator/gconvfifo.rf/grf.rf/gntv_or_sync_fifo.gl
0.wr/gwas.gwdc0.wdc/GND_184_o_GND_184_o_sub_2_OUT<9>" is sourceless and has been
removed.
   Sourceless block
"camera_fifo_inst/U0/xst_fifo_generator/gconvfifo.rf/grf.rf/gntv_or_sync_fifo.gl
0.wr/gwas.gwdc0.wdc/wr_data_count_i_9" (FF) removed.
 Sourceless block
"camera_fifo_inst/U0/xst_fifo_generator/gconvfifo.rf/grf.rf/gntv_or_sync_fifo.gl
0.wr/gwas.gwdc0.wdc/Msub_GND_184_o_GND_184_o_sub_2_OUT<11:0>_cy<9>" (MUX)
removed.
The signal
"camera_fifo_inst/U0/xst_fifo_generator/gconvfifo.rf/grf.rf/gntv_or_sync_fifo.gl
0.wr/gwas.gwdc0.wdc/Msub_GND_184_o_GND_184_o_sub_2_OUT<11:0>_lut<9>" is
sourceless and has been removed.
The signal
"camera_fifo_inst/U0/xst_fifo_generator/gconvfifo.rf/grf.rf/gntv_or_sync_fifo.gl
0.wr/gwas.gwdc0.wdc/Msub_GND_184_o_GND_184_o_sub_2_OUT<11:0>_cy<7>" is
sourceless and has been removed.
 Sourceless block
"camera_fifo_inst/U0/xst_fifo_generator/gconvfifo.rf/grf.rf/gntv_or_sync_fifo.gl
0.wr/gwas.gwdc0.wdc/Msub_GND_184_o_GND_184_o_sub_2_OUT<11:0>_xor<8>" (XOR)
removed.
  The signal
"camera_fifo_inst/U0/xst_fifo_generator/gconvfifo.rf/grf.rf/gntv_or_sync_fifo.gl
0.wr/gwas.gwdc0.wdc/GND_184_o_GND_184_o_sub_2_OUT<8>" is sourceless and has been
removed.
   Sourceless block
"camera_fifo_inst/U0/xst_fifo_generator/gconvfifo.rf/grf.rf/gntv_or_sync_fifo.gl
0.wr/gwas.gwdc0.wdc/wr_data_count_i_8" (FF) removed.
 Sourceless block
"camera_fifo_inst/U0/xst_fifo_generator/gconvfifo.rf/grf.rf/gntv_or_sync_fifo.gl
0.wr/gwas.gwdc0.wdc/Msub_GND_184_o_GND_184_o_sub_2_OUT<11:0>_cy<8>" (MUX)
removed.
The signal
"camera_fifo_inst/U0/xst_fifo_generator/gconvfifo.rf/grf.rf/gntv_or_sync_fifo.gl
0.wr/gwas.gwdc0.wdc/Msub_GND_184_o_GND_184_o_sub_2_OUT<11:0>_lut<8>" is
sourceless and has been removed.
The signal
"camera_fifo_inst/U0/xst_fifo_generator/gconvfifo.rf/grf.rf/gntv_or_sync_fifo.gl
0.wr/gwas.gwdc0.wdc/Msub_GND_184_o_GND_184_o_sub_2_OUT<11:0>_cy<6>" is
sourceless and has been removed.
 Sourceless block
"camera_fifo_inst/U0/xst_fifo_generator/gconvfifo.rf/grf.rf/gntv_or_sync_fifo.gl
0.wr/gwas.gwdc0.wdc/Msub_GND_184_o_GND_184_o_sub_2_OUT<11:0>_xor<7>" (XOR)
removed.
  The signal
"camera_fifo_inst/U0/xst_fifo_generator/gconvfifo.rf/grf.rf/gntv_or_sync_fifo.gl
0.wr/gwas.gwdc0.wdc/GND_184_o_GND_184_o_sub_2_OUT<7>" is sourceless and has been
removed.
   Sourceless block
"camera_fifo_inst/U0/xst_fifo_generator/gconvfifo.rf/grf.rf/gntv_or_sync_fifo.gl
0.wr/gwas.gwdc0.wdc/wr_data_count_i_7" (FF) removed.
 Sourceless block
"camera_fifo_inst/U0/xst_fifo_generator/gconvfifo.rf/grf.rf/gntv_or_sync_fifo.gl
0.wr/gwas.gwdc0.wdc/Msub_GND_184_o_GND_184_o_sub_2_OUT<11:0>_cy<7>" (MUX)
removed.
The signal
"camera_fifo_inst/U0/xst_fifo_generator/gconvfifo.rf/grf.rf/gntv_or_sync_fifo.gl
0.wr/gwas.gwdc0.wdc/Msub_GND_184_o_GND_184_o_sub_2_OUT<11:0>_lut<7>" is
sourceless and has been removed.
The signal
"camera_fifo_inst/U0/xst_fifo_generator/gconvfifo.rf/grf.rf/gntv_or_sync_fifo.gl
0.wr/gwas.gwdc0.wdc/Msub_GND_184_o_GND_184_o_sub_2_OUT<11:0>_cy<5>" is
sourceless and has been removed.
 Sourceless block
"camera_fifo_inst/U0/xst_fifo_generator/gconvfifo.rf/grf.rf/gntv_or_sync_fifo.gl
0.wr/gwas.gwdc0.wdc/Msub_GND_184_o_GND_184_o_sub_2_OUT<11:0>_xor<6>" (XOR)
removed.
  The signal
"camera_fifo_inst/U0/xst_fifo_generator/gconvfifo.rf/grf.rf/gntv_or_sync_fifo.gl
0.wr/gwas.gwdc0.wdc/GND_184_o_GND_184_o_sub_2_OUT<6>" is sourceless and has been
removed.
   Sourceless block
"camera_fifo_inst/U0/xst_fifo_generator/gconvfifo.rf/grf.rf/gntv_or_sync_fifo.gl
0.wr/gwas.gwdc0.wdc/wr_data_count_i_6" (FF) removed.
 Sourceless block
"camera_fifo_inst/U0/xst_fifo_generator/gconvfifo.rf/grf.rf/gntv_or_sync_fifo.gl
0.wr/gwas.gwdc0.wdc/Msub_GND_184_o_GND_184_o_sub_2_OUT<11:0>_cy<6>" (MUX)
removed.
The signal
"camera_fifo_inst/U0/xst_fifo_generator/gconvfifo.rf/grf.rf/gntv_or_sync_fifo.gl
0.wr/gwas.gwdc0.wdc/Msub_GND_184_o_GND_184_o_sub_2_OUT<11:0>_lut<6>" is
sourceless and has been removed.
The signal
"camera_fifo_inst/U0/xst_fifo_generator/gconvfifo.rf/grf.rf/gntv_or_sync_fifo.gl
0.wr/gwas.gwdc0.wdc/Msub_GND_184_o_GND_184_o_sub_2_OUT<11:0>_cy<4>" is
sourceless and has been removed.
 Sourceless block
"camera_fifo_inst/U0/xst_fifo_generator/gconvfifo.rf/grf.rf/gntv_or_sync_fifo.gl
0.wr/gwas.gwdc0.wdc/Msub_GND_184_o_GND_184_o_sub_2_OUT<11:0>_xor<5>" (XOR)
removed.
  The signal
"camera_fifo_inst/U0/xst_fifo_generator/gconvfifo.rf/grf.rf/gntv_or_sync_fifo.gl
0.wr/gwas.gwdc0.wdc/GND_184_o_GND_184_o_sub_2_OUT<5>" is sourceless and has been
removed.
   Sourceless block
"camera_fifo_inst/U0/xst_fifo_generator/gconvfifo.rf/grf.rf/gntv_or_sync_fifo.gl
0.wr/gwas.gwdc0.wdc/wr_data_count_i_5" (FF) removed.
 Sourceless block
"camera_fifo_inst/U0/xst_fifo_generator/gconvfifo.rf/grf.rf/gntv_or_sync_fifo.gl
0.wr/gwas.gwdc0.wdc/Msub_GND_184_o_GND_184_o_sub_2_OUT<11:0>_cy<5>" (MUX)
removed.
The signal
"camera_fifo_inst/U0/xst_fifo_generator/gconvfifo.rf/grf.rf/gntv_or_sync_fifo.gl
0.wr/gwas.gwdc0.wdc/Msub_GND_184_o_GND_184_o_sub_2_OUT<11:0>_lut<5>" is
sourceless and has been removed.
The signal
"camera_fifo_inst/U0/xst_fifo_generator/gconvfifo.rf/grf.rf/gntv_or_sync_fifo.gl
0.wr/gwas.gwdc0.wdc/Msub_GND_184_o_GND_184_o_sub_2_OUT<11:0>_cy<3>" is
sourceless and has been removed.
 Sourceless block
"camera_fifo_inst/U0/xst_fifo_generator/gconvfifo.rf/grf.rf/gntv_or_sync_fifo.gl
0.wr/gwas.gwdc0.wdc/Msub_GND_184_o_GND_184_o_sub_2_OUT<11:0>_xor<4>" (XOR)
removed.
  The signal
"camera_fifo_inst/U0/xst_fifo_generator/gconvfifo.rf/grf.rf/gntv_or_sync_fifo.gl
0.wr/gwas.gwdc0.wdc/GND_184_o_GND_184_o_sub_2_OUT<4>" is sourceless and has been
removed.
   Sourceless block
"camera_fifo_inst/U0/xst_fifo_generator/gconvfifo.rf/grf.rf/gntv_or_sync_fifo.gl
0.wr/gwas.gwdc0.wdc/wr_data_count_i_4" (FF) removed.
 Sourceless block
"camera_fifo_inst/U0/xst_fifo_generator/gconvfifo.rf/grf.rf/gntv_or_sync_fifo.gl
0.wr/gwas.gwdc0.wdc/Msub_GND_184_o_GND_184_o_sub_2_OUT<11:0>_cy<4>" (MUX)
removed.
The signal
"camera_fifo_inst/U0/xst_fifo_generator/gconvfifo.rf/grf.rf/gntv_or_sync_fifo.gl
0.wr/gwas.gwdc0.wdc/Msub_GND_184_o_GND_184_o_sub_2_OUT<11:0>_lut<4>" is
sourceless and has been removed.
The signal
"camera_fifo_inst/U0/xst_fifo_generator/gconvfifo.rf/grf.rf/gntv_or_sync_fifo.gl
0.wr/gwas.gwdc0.wdc/Msub_GND_184_o_GND_184_o_sub_2_OUT<11:0>_cy<2>" is
sourceless and has been removed.
 Sourceless block
"camera_fifo_inst/U0/xst_fifo_generator/gconvfifo.rf/grf.rf/gntv_or_sync_fifo.gl
0.wr/gwas.gwdc0.wdc/Msub_GND_184_o_GND_184_o_sub_2_OUT<11:0>_xor<3>" (XOR)
removed.
  The signal
"camera_fifo_inst/U0/xst_fifo_generator/gconvfifo.rf/grf.rf/gntv_or_sync_fifo.gl
0.wr/gwas.gwdc0.wdc/GND_184_o_GND_184_o_sub_2_OUT<3>" is sourceless and has been
removed.
   Sourceless block
"camera_fifo_inst/U0/xst_fifo_generator/gconvfifo.rf/grf.rf/gntv_or_sync_fifo.gl
0.wr/gwas.gwdc0.wdc/wr_data_count_i_3" (FF) removed.
 Sourceless block
"camera_fifo_inst/U0/xst_fifo_generator/gconvfifo.rf/grf.rf/gntv_or_sync_fifo.gl
0.wr/gwas.gwdc0.wdc/Msub_GND_184_o_GND_184_o_sub_2_OUT<11:0>_cy<3>" (MUX)
removed.
The signal
"camera_fifo_inst/U0/xst_fifo_generator/gconvfifo.rf/grf.rf/gntv_or_sync_fifo.gl
0.wr/gwas.gwdc0.wdc/Msub_GND_184_o_GND_184_o_sub_2_OUT<11:0>_lut<3>" is
sourceless and has been removed.
The signal
"camera_fifo_inst/U0/xst_fifo_generator/gconvfifo.rf/grf.rf/gntv_or_sync_fifo.gl
0.wr/gwas.gwdc0.wdc/Msub_GND_184_o_GND_184_o_sub_2_OUT<11:0>_cy<1>" is
sourceless and has been removed.
 Sourceless block
"camera_fifo_inst/U0/xst_fifo_generator/gconvfifo.rf/grf.rf/gntv_or_sync_fifo.gl
0.wr/gwas.gwdc0.wdc/Msub_GND_184_o_GND_184_o_sub_2_OUT<11:0>_xor<2>" (XOR)
removed.
  The signal
"camera_fifo_inst/U0/xst_fifo_generator/gconvfifo.rf/grf.rf/gntv_or_sync_fifo.gl
0.wr/gwas.gwdc0.wdc/GND_184_o_GND_184_o_sub_2_OUT<2>" is sourceless and has been
removed.
   Sourceless block
"camera_fifo_inst/U0/xst_fifo_generator/gconvfifo.rf/grf.rf/gntv_or_sync_fifo.gl
0.wr/gwas.gwdc0.wdc/wr_data_count_i_2" (FF) removed.
 Sourceless block
"camera_fifo_inst/U0/xst_fifo_generator/gconvfifo.rf/grf.rf/gntv_or_sync_fifo.gl
0.wr/gwas.gwdc0.wdc/Msub_GND_184_o_GND_184_o_sub_2_OUT<11:0>_cy<2>" (MUX)
removed.
The signal
"camera_fifo_inst/U0/xst_fifo_generator/gconvfifo.rf/grf.rf/gntv_or_sync_fifo.gl
0.wr/gwas.gwdc0.wdc/Msub_GND_184_o_GND_184_o_sub_2_OUT<11:0>_lut<2>" is
sourceless and has been removed.
The signal
"camera_fifo_inst/U0/xst_fifo_generator/gconvfifo.rf/grf.rf/gntv_or_sync_fifo.gl
0.wr/gwas.gwdc0.wdc/Msub_GND_184_o_GND_184_o_sub_2_OUT<11:0>_cy<0>" is
sourceless and has been removed.
 Sourceless block
"camera_fifo_inst/U0/xst_fifo_generator/gconvfifo.rf/grf.rf/gntv_or_sync_fifo.gl
0.wr/gwas.gwdc0.wdc/Msub_GND_184_o_GND_184_o_sub_2_OUT<11:0>_xor<1>" (XOR)
removed.
  The signal
"camera_fifo_inst/U0/xst_fifo_generator/gconvfifo.rf/grf.rf/gntv_or_sync_fifo.gl
0.wr/gwas.gwdc0.wdc/GND_184_o_GND_184_o_sub_2_OUT<1>" is sourceless and has been
removed.
   Sourceless block
"camera_fifo_inst/U0/xst_fifo_generator/gconvfifo.rf/grf.rf/gntv_or_sync_fifo.gl
0.wr/gwas.gwdc0.wdc/wr_data_count_i_1" (FF) removed.
 Sourceless block
"camera_fifo_inst/U0/xst_fifo_generator/gconvfifo.rf/grf.rf/gntv_or_sync_fifo.gl
0.wr/gwas.gwdc0.wdc/Msub_GND_184_o_GND_184_o_sub_2_OUT<11:0>_cy<1>" (MUX)
removed.
The signal
"camera_fifo_inst/U0/xst_fifo_generator/gconvfifo.rf/grf.rf/gntv_or_sync_fifo.gl
0.wr/gwas.gwdc0.wdc/Msub_GND_184_o_GND_184_o_sub_2_OUT<11:0>_lut<1>" is
sourceless and has been removed.
The signal
"camera_fifo_inst/U0/xst_fifo_generator/gconvfifo.rf/grf.rf/gntv_or_sync_fifo.gl
0.wr/gwas.gwdc0.wdc/Msub_GND_184_o_GND_184_o_sub_2_OUT<11:0>_lut<0>" is
sourceless and has been removed.
 Sourceless block
"camera_fifo_inst/U0/xst_fifo_generator/gconvfifo.rf/grf.rf/gntv_or_sync_fifo.gl
0.wr/gwas.gwdc0.wdc/Msub_GND_184_o_GND_184_o_sub_2_OUT<11:0>_xor<0>" (XOR)
removed.
  The signal
"camera_fifo_inst/U0/xst_fifo_generator/gconvfifo.rf/grf.rf/gntv_or_sync_fifo.gl
0.wr/gwas.gwdc0.wdc/GND_184_o_GND_184_o_sub_2_OUT<0>" is sourceless and has been
removed.
   Sourceless block
"camera_fifo_inst/U0/xst_fifo_generator/gconvfifo.rf/grf.rf/gntv_or_sync_fifo.gl
0.wr/gwas.gwdc0.wdc/wr_data_count_i_0" (FF) removed.
 Sourceless block
"camera_fifo_inst/U0/xst_fifo_generator/gconvfifo.rf/grf.rf/gntv_or_sync_fifo.gl
0.wr/gwas.gwdc0.wdc/Msub_GND_184_o_GND_184_o_sub_2_OUT<11:0>_cy<0>" (MUX)
removed.
Unused block
"camera_fifo_inst/U0/xst_fifo_generator/gconvfifo.rf/grf.rf/gntv_or_sync_fifo.gl
0.rd/gras.grdc1.rdc/Msub_GND_178_o_GND_178_o_sub_2_OUT<11:0>_cy<10>" (MUX)
removed.
Unused block
"camera_fifo_inst/U0/xst_fifo_generator/gconvfifo.rf/grf.rf/gntv_or_sync_fifo.gl
0.rd/gras.grdc1.rdc/Msub_GND_178_o_GND_178_o_sub_2_OUT<11:0>_lut<11>" (ROM)
removed.
Unused block
"camera_fifo_inst/U0/xst_fifo_generator/gconvfifo.rf/grf.rf/gntv_or_sync_fifo.gl
0.rd/gras.rsts/ram_empty_i" (FF) removed.
Unused block
"camera_fifo_inst/U0/xst_fifo_generator/gconvfifo.rf/grf.rf/gntv_or_sync_fifo.gl
0.wr/gwas.gwdc0.wdc/Msub_GND_184_o_GND_184_o_sub_2_OUT<11:0>_lut<0>" (ROM)
removed.
Unused block
"camera_fifo_inst/U0/xst_fifo_generator/gconvfifo.rf/grf.rf/gntv_or_sync_fifo.gl
0.wr/gwas.gwdc0.wdc/Msub_GND_184_o_GND_184_o_sub_2_OUT<11:0>_lut<10>" (ROM)
removed.
Unused block
"camera_fifo_inst/U0/xst_fifo_generator/gconvfifo.rf/grf.rf/gntv_or_sync_fifo.gl
0.wr/gwas.gwdc0.wdc/Msub_GND_184_o_GND_184_o_sub_2_OUT<11:0>_lut<11>" (ROM)
removed.
Unused block
"camera_fifo_inst/U0/xst_fifo_generator/gconvfifo.rf/grf.rf/gntv_or_sync_fifo.gl
0.wr/gwas.gwdc0.wdc/Msub_GND_184_o_GND_184_o_sub_2_OUT<11:0>_lut<1>" (ROM)
removed.
Unused block
"camera_fifo_inst/U0/xst_fifo_generator/gconvfifo.rf/grf.rf/gntv_or_sync_fifo.gl
0.wr/gwas.gwdc0.wdc/Msub_GND_184_o_GND_184_o_sub_2_OUT<11:0>_lut<2>" (ROM)
removed.
Unused block
"camera_fifo_inst/U0/xst_fifo_generator/gconvfifo.rf/grf.rf/gntv_or_sync_fifo.gl
0.wr/gwas.gwdc0.wdc/Msub_GND_184_o_GND_184_o_sub_2_OUT<11:0>_lut<3>" (ROM)
removed.
Unused block
"camera_fifo_inst/U0/xst_fifo_generator/gconvfifo.rf/grf.rf/gntv_or_sync_fifo.gl
0.wr/gwas.gwdc0.wdc/Msub_GND_184_o_GND_184_o_sub_2_OUT<11:0>_lut<4>" (ROM)
removed.
Unused block
"camera_fifo_inst/U0/xst_fifo_generator/gconvfifo.rf/grf.rf/gntv_or_sync_fifo.gl
0.wr/gwas.gwdc0.wdc/Msub_GND_184_o_GND_184_o_sub_2_OUT<11:0>_lut<5>" (ROM)
removed.
Unused block
"camera_fifo_inst/U0/xst_fifo_generator/gconvfifo.rf/grf.rf/gntv_or_sync_fifo.gl
0.wr/gwas.gwdc0.wdc/Msub_GND_184_o_GND_184_o_sub_2_OUT<11:0>_lut<6>" (ROM)
removed.
Unused block
"camera_fifo_inst/U0/xst_fifo_generator/gconvfifo.rf/grf.rf/gntv_or_sync_fifo.gl
0.wr/gwas.gwdc0.wdc/Msub_GND_184_o_GND_184_o_sub_2_OUT<11:0>_lut<7>" (ROM)
removed.
Unused block
"camera_fifo_inst/U0/xst_fifo_generator/gconvfifo.rf/grf.rf/gntv_or_sync_fifo.gl
0.wr/gwas.gwdc0.wdc/Msub_GND_184_o_GND_184_o_sub_2_OUT<11:0>_lut<8>" (ROM)
removed.
Unused block
"camera_fifo_inst/U0/xst_fifo_generator/gconvfifo.rf/grf.rf/gntv_or_sync_fifo.gl
0.wr/gwas.gwdc0.wdc/Msub_GND_184_o_GND_184_o_sub_2_OUT<11:0>_lut<9>" (ROM)
removed.
Unused block
"camera_fifo_inst/U0/xst_fifo_generator/gconvfifo.rf/grf.rf/gntv_or_sync_fifo.gl
0.wr/gwas.wsts/ram_full_i" (FF) removed.

Optimized Block(s):
TYPE 		BLOCK
GND 		XST_GND
VCC 		XST_VCC
GND
		camera_fifo_inst/U0/xst_fifo_generator/gconvfifo.rf/grf.rf/gntv_or_sync_fifo.m
em/gbm.gbmg.gbmga.ngecc.bmg/gnativebmg.native_blk_mem_gen/valid.cstr/XST_GND
GND 		camera_fifo_inst/XST_GND
VCC 		camera_fifo_inst/XST_VCC

To enable printing of redundant blocks removed and signals merged, set the
detailed map report option and rerun map.

Section 6 - IOB Properties
--------------------------

+---------------------------------------------------------------------------------------------------------------------------------------------------------+
| IOB Name                           | Type             | Direction | IO Standard          | Diff  | Drive    | Slew | Reg (s)      | Resistor | IOB      |
|                                    |                  |           |                      | Term  | Strength | Rate |              |          | Delay    |
+---------------------------------------------------------------------------------------------------------------------------------------------------------+
| clk                                | IOB              | INPUT     | LVCMOS25             |       |          |      |              |          |          |
| cmos_db<0>                         | IOB              | INPUT     | LVCMOS33             |       |          |      |              |          |          |
| cmos_db<1>                         | IOB              | INPUT     | LVCMOS33             |       |          |      |              |          |          |
| cmos_db<2>                         | IOB              | INPUT     | LVCMOS33             |       |          |      |              |          |          |
| cmos_db<3>                         | IOB              | INPUT     | LVCMOS33             |       |          |      |              |          |          |
| cmos_db<4>                         | IOB              | INPUT     | LVCMOS33             |       |          |      |              |          |          |
| cmos_db<5>                         | IOB              | INPUT     | LVCMOS33             |       |          |      |              |          |          |
| cmos_db<6>                         | IOB              | INPUT     | LVCMOS33             |       |          |      |              |          |          |
| cmos_db<7>                         | IOB              | INPUT     | LVCMOS33             |       |          |      |              |          |          |
| cmos_href                          | IOB              | INPUT     | LVCMOS33             |       |          |      |              |          |          |
| cmos_pclk                          | IOB              | INPUT     | LVCMOS33             |       |          |      |              |          |          |
| cmos_pwdn                          | IOB              | OUTPUT    | LVCMOS33             |       | 12       | FAST |              |          |          |
| cmos_rst_n                         | IOB              | OUTPUT    | LVCMOS33             |       | 12       | FAST |              |          |          |
| cmos_scl                           | IOB              | BIDIR     | LVCMOS33             |       | 12       | FAST |              |          |          |
| cmos_sda                           | IOB              | BIDIR     | LVCMOS33             |       | 12       | FAST |              |          |          |
| cmos_vsync                         | IOB              | INPUT     | LVCMOS33             |       |          |      |              |          |          |
| cmos_xclk                          | IOB              | OUTPUT    | LVCMOS33             |       | 12       | FAST |              |          |          |
| e_gtxc                             | IOB              | OUTPUT    | LVCMOS33             |       | 12       | FAST |              |          |          |
| e_reset                            | IOB              | OUTPUT    | LVCMOS33             |       | 12       | SLOW |              |          |          |
| e_rxc                              | IOB              | INPUT     | LVCMOS33             |       |          |      |              |          |          |
| e_rxd<0>                           | IOB              | INPUT     | LVCMOS33             |       |          |      |              |          |          |
| e_rxd<1>                           | IOB              | INPUT     | LVCMOS33             |       |          |      |              |          |          |
| e_rxd<2>                           | IOB              | INPUT     | LVCMOS33             |       |          |      |              |          |          |
| e_rxd<3>                           | IOB              | INPUT     | LVCMOS33             |       |          |      |              |          |          |
| e_rxd<4>                           | IOB              | INPUT     | LVCMOS33             |       |          |      |              |          |          |
| e_rxd<5>                           | IOB              | INPUT     | LVCMOS33             |       |          |      |              |          |          |
| e_rxd<6>                           | IOB              | INPUT     | LVCMOS33             |       |          |      |              |          |          |
| e_rxd<7>                           | IOB              | INPUT     | LVCMOS33             |       |          |      |              |          |          |
| e_rxdv                             | IOB              | INPUT     | LVCMOS33             |       |          |      |              |          |          |
| e_rxer                             | IOB              | INPUT     | LVCMOS33             |       |          |      |              |          |          |
| e_txc                              | IOB              | INPUT     | LVCMOS33             |       |          |      |              |          |          |
| e_txd<0>                           | IOB              | OUTPUT    | LVCMOS33             |       | 12       | FAST |              |          |          |
| e_txd<1>                           | IOB              | OUTPUT    | LVCMOS33             |       | 12       | FAST |              |          |          |
| e_txd<2>                           | IOB              | OUTPUT    | LVCMOS33             |       | 12       | FAST |              |          |          |
| e_txd<3>                           | IOB              | OUTPUT    | LVCMOS33             |       | 12       | FAST |              |          |          |
| e_txd<4>                           | IOB              | OUTPUT    | LVCMOS33             |       | 12       | FAST |              |          |          |
| e_txd<5>                           | IOB              | OUTPUT    | LVCMOS33             |       | 12       | FAST |              |          |          |
| e_txd<6>                           | IOB              | OUTPUT    | LVCMOS33             |       | 12       | FAST |              |          |          |
| e_txd<7>                           | IOB              | OUTPUT    | LVCMOS33             |       | 12       | FAST |              |          |          |
| e_txen                             | IOB              | OUTPUT    | LVCMOS33             |       | 12       | FAST |              |          |          |
| e_txer                             | IOB              | OUTPUT    | LVCMOS33             |       | 12       | FAST |              |          |          |
| rst_n                              | IOB              | INPUT     | LVCMOS15             |       |          |      |              |          |          |
+---------------------------------------------------------------------------------------------------------------------------------------------------------+

Section 7 - RPMs
----------------

Section 8 - Guide Report
------------------------
Guide not run on this design.

Section 9 - Area Group and Partition Summary
--------------------------------------------

Partition Implementation Status
-------------------------------

  No Partitions were found in this design.

-------------------------------

Area Group Information
----------------------

  No area groups were found in this design.

----------------------

Section 10 - Timing Report
--------------------------
A logic-level (pre-route) timing report can be generated by using Xilinx static
timing analysis tools, Timing Analyzer (GUI) or TRCE (command line), with the
mapped NCD and PCF files. Please note that this timing report will be generated
using estimated delay information. For accurate numbers, please generate a
timing report with the post Place and Route NCD file.

For more information about the Timing Analyzer, consult the Xilinx Timing
Analyzer Reference Manual; for more information about TRCE, consult the Xilinx
Command Line Tools User Guide "TRACE" chapter.

Section 11 - Configuration String Details
-----------------------------------------
Use the "-detail" map option to print out Configuration Strings

Section 12 - Control Set Information
------------------------------------
Use the "-detail" map option to print out Control Set Information.

Section 13 - Utilization by Hierarchy
-------------------------------------
Use the "-detail" map option to print out the Utilization by Hierarchy section.
