INFO:sim:172 - Generating IP...
Applying current project options...
Finished applying current project options.
WARNING:sim - A core named 'cmos_pll' already exists in the project. Output
   products for this core may be overwritten.
Resolving generics for 'cmos_pll'...
WARNING:sim - A core named 'cmos_pll' already exists in the project. Output
   products for this core may be overwritten.
Applying external generics to 'cmos_pll'...
Delivering associated files for 'cmos_pll'...
WARNING:sim - Component clk_wiz_v3_6 does not have a valid model name for
   Verilog synthesis
Delivering EJava files for 'cmos_pll'...
Delivered 3 files into directory
E:/BaiduYunDownload/AX516.190526/30_video_ethernet/ipcore_dir/tmp/_cg/cmos_pll
Delivered 1 file into directory
E:/BaiduYunDownload/AX516.190526/30_video_ethernet/ipcore_dir/tmp/_cg/cmos_pll
Generating ASY schematic symbol...
Loading device for application Rf_Device from file '6slx16.nph' in environment
C:\Xilinx\14.7\ISE_DS\ISE\.
INFO:sim:949 - Finished generation of ASY schematic symbol.
Generating SYM schematic symbol for 'cmos_pll'...
Generating ISE project...
XCO file found: cmos_pll.xco
XMDF file found: cmos_pll_xmdf.tcl
Adding
E:/BaiduYunDownload/AX516.190526/30_video_ethernet/ipcore_dir/tmp/_cg/cmos_pll.a
sy -view all -origin_type imported
Adding
E:/BaiduYunDownload/AX516.190526/30_video_ethernet/ipcore_dir/tmp/_cg/cmos_pll.u
cf -view all -origin_type created
Adding
E:/BaiduYunDownload/AX516.190526/30_video_ethernet/ipcore_dir/tmp/_cg/cmos_pll.v
-view all -origin_type created
INFO:HDLCompiler:1845 - Analyzing Verilog file
   "E:/BaiduYunDownload/AX516.190526/30_video_ethernet/ipcore_dir/tmp/_cg/cmos_p
   ll.v" into library work
INFO:ProjectMgmt - Parsing design hierarchy completed successfully.
Adding
E:/BaiduYunDownload/AX516.190526/30_video_ethernet/ipcore_dir/tmp/_cg/cmos_pll.v
eo -view all -origin_type imported
INFO:TclTasksC:2116 - The automatic calculation of top has been turned-off.
   Please set the new top explicitly by running the "project set top" command.
   To re-calculate the new top automatically, set the "Auto Implementation Top"
   property to true.
Top level has been set to "/cmos_pll"
Generating README file...
Generating FLIST file...
INFO:sim:948 - Finished FLIST file generation.
Launching README viewer...
Moving files to output directory...
Finished moving files to output directory
Wrote CGP file for project 'cmos_pll'.
