Release 14.7 - xst P.20131013 (nt64)
Copyright (c) 1995-2013 Xilinx, Inc.  All rights reserved.
--> Parameter TMPDIR set to xst/projnav.tmp


Total REAL time to Xst completion: 1.00 secs
Total CPU time to Xst completion: 0.17 secs
 
--> Parameter xsthdpdir set to xst


Total REAL time to Xst completion: 1.00 secs
Total CPU time to Xst completion: 0.17 secs
 
--> Reading design: key_debounce.prj

TABLE OF CONTENTS
  1) Synthesis Options Summary
  2) HDL Parsing
  3) HDL Elaboration
  4) HDL Synthesis
       4.1) HDL Synthesis Report
  5) Advanced HDL Synthesis
       5.1) Advanced HDL Synthesis Report
  6) Low Level Synthesis
  7) Partition Report
  8) Design Summary
       8.1) Primitive and Black Box Usage
       8.2) Device utilization summary
       8.3) Partition Resource Summary
       8.4) Timing Report
            8.4.1) Clock Information
            8.4.2) Asynchronous Control Signals Information
            8.4.3) Timing Summary
            8.4.4) Timing Details
            8.4.5) Cross Clock Domains Report


=========================================================================
*                      Synthesis Options Summary                        *
=========================================================================
---- Source Parameters
Input File Name                    : "key_debounce.prj"
Ignore Synthesis Constraint File   : NO

---- Target Parameters
Output File Name                   : "key_debounce"
Output Format                      : NGC
Target Device                      : xc6slx16-2-csg324

---- Source Options
Top Module Name                    : key_debounce
Automatic FSM Extraction           : YES
FSM Encoding Algorithm             : Auto
Safe Implementation                : No
FSM Style                          : LUT
RAM Extraction                     : Yes
RAM Style                          : Auto
ROM Extraction                     : Yes
Shift Register Extraction          : YES
ROM Style                          : Auto
Resource Sharing                   : YES
Asynchronous To Synchronous        : NO
Shift Register Minimum Size        : 2
Use DSP Block                      : Auto
Automatic Register Balancing       : No

---- Target Options
LUT Combining                      : Auto
Reduce Control Sets                : Auto
Add IO Buffers                     : YES
Global Maximum Fanout              : 100000
Add Generic Clock Buffer(BUFG)     : 16
Register Duplication               : YES
Optimize Instantiated Primitives   : NO
Use Clock Enable                   : Auto
Use Synchronous Set                : Auto
Use Synchronous Reset              : Auto
Pack IO Registers into IOBs        : Auto
Equivalent register Removal        : YES

---- General Options
Optimization Goal                  : Speed
Optimization Effort                : 1
Power Reduction                    : NO
Keep Hierarchy                     : No
Netlist Hierarchy                  : As_Optimized
RTL Output                         : Yes
Global Optimization                : AllClockNets
Read Cores                         : YES
Write Timing Constraints           : NO
Cross Clock Analysis               : NO
Hierarchy Separator                : /
Bus Delimiter                      : <>
Case Specifier                     : Maintain
Slice Utilization Ratio            : 100
BRAM Utilization Ratio             : 100
DSP48 Utilization Ratio            : 100
Auto BRAM Packing                  : NO
Slice Utilization Ratio Delta      : 5

=========================================================================


=========================================================================
*                          HDL Parsing                                  *
=========================================================================
Analyzing Verilog file "E:\BaiduYunDownload\AX516.190526\demo\05_key_debounce\src\count_m10.v" into library work
Parsing module <count_m10>.
Analyzing Verilog file "E:\BaiduYunDownload\AX516.190526\demo\05_key_debounce\src\ax_debounce.v" into library work
Parsing module <ax_debounce>.
Analyzing Verilog file "E:\BaiduYunDownload\AX516.190526\demo\05_key_debounce\src\key_debounce.v" into library work
Parsing module <key_debounce>.

=========================================================================
*                            HDL Elaboration                            *
=========================================================================

Elaborating module <key_debounce>.

Elaborating module <ax_debounce>.

Elaborating module <count_m10>.
WARNING:HDLCompiler:1127 - "E:\BaiduYunDownload\AX516.190526\demo\05_key_debounce\src\key_debounce.v" Line 56: Assignment to t0 ignored, since the identifier is never used

=========================================================================
*                           HDL Synthesis                               *
=========================================================================

Synthesizing Unit <key_debounce>.
    Related source file is "E:\BaiduYunDownload\AX516.190526\demo\05_key_debounce\src\key_debounce.v".
INFO:Xst:3210 - "E:\BaiduYunDownload\AX516.190526\demo\05_key_debounce\src\key_debounce.v" line 37: Output port <button_posedge> of the instance <ax_debounce_m0> is unconnected or connected to loadless signal.
INFO:Xst:3210 - "E:\BaiduYunDownload\AX516.190526\demo\05_key_debounce\src\key_debounce.v" line 37: Output port <button_out> of the instance <ax_debounce_m0> is unconnected or connected to loadless signal.
INFO:Xst:3210 - "E:\BaiduYunDownload\AX516.190526\demo\05_key_debounce\src\key_debounce.v" line 49: Output port <t> of the instance <count10_m0> is unconnected or connected to loadless signal.
    Summary:
	no macro.
Unit <key_debounce> synthesized.

Synthesizing Unit <ax_debounce>.
    Related source file is "E:\BaiduYunDownload\AX516.190526\demo\05_key_debounce\src\ax_debounce.v".
        N = 32
        FREQ = 50
        MAX_TIME = 20
    Found 1-bit register for signal <button_out_d0>.
    Found 1-bit register for signal <button_out>.
    Found 32-bit register for signal <q_reg>.
    Found 1-bit register for signal <DFF2>.
    Found 1-bit register for signal <button_posedge>.
    Found 1-bit register for signal <button_negedge>.
    Found 1-bit register for signal <DFF1>.
    Found 32-bit adder for signal <q_reg[31]_GND_2_o_add_1_OUT> created at line 65.
    Summary:
	inferred   1 Adder/Subtractor(s).
	inferred  38 D-type flip-flop(s).
Unit <ax_debounce> synthesized.

Synthesizing Unit <count_m10>.
    Related source file is "E:\BaiduYunDownload\AX516.190526\demo\05_key_debounce\src\count_m10.v".
    Found 1-bit register for signal <t>.
    Found 4-bit register for signal <data>.
    Found 4-bit adder for signal <data[3]_GND_4_o_add_2_OUT> created at line 60.
    Summary:
	inferred   1 Adder/Subtractor(s).
	inferred   5 D-type flip-flop(s).
	inferred   2 Multiplexer(s).
Unit <count_m10> synthesized.

=========================================================================
HDL Synthesis Report

Macro Statistics
# Adders/Subtractors                                   : 2
 32-bit adder                                          : 1
 4-bit adder                                           : 1
# Registers                                            : 9
 1-bit register                                        : 7
 32-bit register                                       : 1
 4-bit register                                        : 1
# Multiplexers                                         : 2
 1-bit 2-to-1 multiplexer                              : 1
 4-bit 2-to-1 multiplexer                              : 1
# Xors                                                 : 1
 1-bit xor2                                            : 1

=========================================================================

=========================================================================
*                       Advanced HDL Synthesis                          *
=========================================================================


Synthesizing (advanced) Unit <count_m10>.
The following registers are absorbed into counter <data>: 1 register on signal <data>.
Unit <count_m10> synthesized (advanced).

=========================================================================
Advanced HDL Synthesis Report

Macro Statistics
# Adders/Subtractors                                   : 1
 32-bit adder                                          : 1
# Counters                                             : 1
 4-bit up counter                                      : 1
# Registers                                            : 39
 Flip-Flops                                            : 39
# Multiplexers                                         : 1
 1-bit 2-to-1 multiplexer                              : 1
# Xors                                                 : 1
 1-bit xor2                                            : 1

=========================================================================

=========================================================================
*                         Low Level Synthesis                           *
=========================================================================
WARNING:Xst:2677 - Node <count10_m0/t> of sequential type is unconnected in block <key_debounce>.

Optimizing unit <key_debounce> ...

Optimizing unit <ax_debounce> ...
WARNING:Xst:2677 - Node <ax_debounce_m0/button_posedge> of sequential type is unconnected in block <key_debounce>.

Mapping all equations...
Building and optimizing final netlist ...
Found area constraint ratio of 100 (+ 5) on block key_debounce, actual ratio is 1.

Final Macro Processing ...

=========================================================================
Final Register Report

Macro Statistics
# Registers                                            : 41
 Flip-Flops                                            : 41

=========================================================================

=========================================================================
*                           Partition Report                            *
=========================================================================

Partition Implementation Status
-------------------------------

  No Partitions were found in this design.

-------------------------------

=========================================================================
*                            Design Summary                             *
=========================================================================

Top Level Output File Name         : key_debounce.ngc

Primitive and Black Box Usage:
------------------------------
# BELS                             : 147
#      GND                         : 1
#      INV                         : 6
#      LUT1                        : 31
#      LUT2                        : 2
#      LUT3                        : 1
#      LUT4                        : 2
#      LUT5                        : 2
#      LUT6                        : 38
#      MUXCY                       : 31
#      VCC                         : 1
#      XORCY                       : 32
# FlipFlops/Latches                : 41
#      FDC                         : 35
#      FDCE                        : 4
#      FDP                         : 2
# Clock Buffers                    : 1
#      BUFGP                       : 1
# IO Buffers                       : 6
#      IBUF                        : 2
#      OBUF                        : 4

Device utilization summary:
---------------------------

Selected Device : 6slx16csg324-2 


Slice Logic Utilization: 
 Number of Slice Registers:              41  out of  18224     0%  
 Number of Slice LUTs:                   82  out of   9112     0%  
    Number used as Logic:                82  out of   9112     0%  

Slice Logic Distribution: 
 Number of LUT Flip Flop pairs used:     84
   Number with an unused Flip Flop:      43  out of     84    51%  
   Number with an unused LUT:             2  out of     84     2%  
   Number of fully used LUT-FF pairs:    39  out of     84    46%  
   Number of unique control sets:         2

IO Utilization: 
 Number of IOs:                           7
 Number of bonded IOBs:                   7  out of    232     3%  

Specific Feature Utilization:
 Number of BUFG/BUFGCTRLs:                1  out of     16     6%  

---------------------------
Partition Resource Summary:
---------------------------

  No Partitions were found in this design.

---------------------------


=========================================================================
Timing Report

NOTE: THESE TIMING NUMBERS ARE ONLY A SYNTHESIS ESTIMATE.
      FOR ACCURATE TIMING INFORMATION PLEASE REFER TO THE TRACE REPORT
      GENERATED AFTER PLACE-and-ROUTE.

Clock Information:
------------------
-----------------------------------+------------------------+-------+
Clock Signal                       | Clock buffer(FF name)  | Load  |
-----------------------------------+------------------------+-------+
clk                                | BUFGP                  | 41    |
-----------------------------------+------------------------+-------+

Asynchronous Control Signals Information:
----------------------------------------
No asynchronous control signals found in this design

Timing Summary:
---------------
Speed Grade: -2

   Minimum period: 4.768ns (Maximum Frequency: 209.732MHz)
   Minimum input arrival time before clock: 4.393ns
   Maximum output required time after clock: 5.220ns
   Maximum combinational path delay: No path found

Timing Details:
---------------
All values displayed in nanoseconds (ns)

=========================================================================
Timing constraint: Default period analysis for Clock 'clk'
  Clock period: 4.768ns (frequency: 209.732MHz)
  Total number of paths / destination ports: 1701 / 44
-------------------------------------------------------------------------
Delay:               4.768ns (Levels of Logic = 3)
  Source:            ax_debounce_m0/q_reg_16 (FF)
  Destination:       ax_debounce_m0/q_reg_31 (FF)
  Source Clock:      clk rising
  Destination Clock: clk rising

  Data Path: ax_debounce_m0/q_reg_16 to ax_debounce_m0/q_reg_31
                                Gate     Net
    Cell:in->out      fanout   Delay   Delay  Logical Name (Net Name)
    ----------------------------------------  ------------
     FDC:C->Q              3   0.525   1.196  ax_debounce_m0/q_reg_16 (ax_debounce_m0/q_reg_16)
     LUT5:I0->O            2   0.254   1.002  ax_debounce_m0/q_reg[31]_GND_2_o_equal_10_o<31>2 (ax_debounce_m0/q_reg[31]_GND_2_o_equal_10_o<31>1)
     LUT6:I2->O           17   0.254   1.209  ax_debounce_m0/q_reg[31]_GND_2_o_equal_10_o<31>5 (ax_debounce_m0/q_reg[31]_GND_2_o_equal_10_o<31>4)
     LUT6:I5->O            1   0.254   0.000  ax_debounce_m0/q_next<0>1 (ax_debounce_m0/q_next<0>)
     FDC:D                     0.074          ax_debounce_m0/q_reg_0
    ----------------------------------------
    Total                      4.768ns (1.361ns logic, 3.407ns route)
                                       (28.5% logic, 71.5% route)

=========================================================================
Timing constraint: Default OFFSET IN BEFORE for Clock 'clk'
  Total number of paths / destination ports: 42 / 42
-------------------------------------------------------------------------
Offset:              4.393ns (Levels of Logic = 2)
  Source:            rst_n (PAD)
  Destination:       count10_m0/data_0 (FF)
  Destination Clock: clk rising

  Data Path: rst_n to count10_m0/data_0
                                Gate     Net
    Cell:in->out      fanout   Delay   Delay  Logical Name (Net Name)
    ----------------------------------------  ------------
     IBUF:I->O             1   1.328   0.681  rst_n_IBUF (rst_n_IBUF)
     INV:I->O             41   0.255   1.670  count10_m0/rst_n_inv1_INV_0 (count10_m0/rst_n_inv)
     FDCE:CLR                  0.459          count10_m0/data_0
    ----------------------------------------
    Total                      4.393ns (2.042ns logic, 2.351ns route)
                                       (46.5% logic, 53.5% route)

=========================================================================
Timing constraint: Default OFFSET OUT AFTER for Clock 'clk'
  Total number of paths / destination ports: 4 / 4
-------------------------------------------------------------------------
Offset:              5.220ns (Levels of Logic = 2)
  Source:            count10_m0/data_0 (FF)
  Destination:       led<0> (PAD)
  Source Clock:      clk rising

  Data Path: count10_m0/data_0 to led<0>
                                Gate     Net
    Cell:in->out      fanout   Delay   Delay  Logical Name (Net Name)
    ----------------------------------------  ------------
     FDCE:C->Q             4   0.525   0.803  count10_m0/data_0 (count10_m0/data_0)
     INV:I->O              2   0.255   0.725  led<0>1_INV_0 (led_0_OBUF)
     OBUF:I->O                 2.912          led_0_OBUF (led<0>)
    ----------------------------------------
    Total                      5.220ns (3.692ns logic, 1.528ns route)
                                       (70.7% logic, 29.3% route)

=========================================================================

Cross Clock Domains Report:
--------------------------

Clock to Setup on destination clock clk
---------------+---------+---------+---------+---------+
               | Src:Rise| Src:Fall| Src:Rise| Src:Fall|
Source Clock   |Dest:Rise|Dest:Rise|Dest:Fall|Dest:Fall|
---------------+---------+---------+---------+---------+
clk            |    4.768|         |         |         |
---------------+---------+---------+---------+---------+

=========================================================================


Total REAL time to Xst completion: 5.00 secs
Total CPU time to Xst completion: 4.56 secs
 
--> 

Total memory usage is 259756 kilobytes

Number of errors   :    0 (   0 filtered)
Number of warnings :    3 (   0 filtered)
Number of infos    :    3 (   0 filtered)

