Release 14.7 Map P.20131013 (nt64)
Xilinx Mapping Report File for Design 'top'

Design Information
------------------
Command Line   : map -intstyle ise -p xc6slx16-csg324-2 -w -logic_opt off -ol
high -t 1 -xt 0 -register_duplication off -r 4 -global_opt off -mt off -ir off
-pr off -lc off -power off -o top_map.ncd top.ngd top.pcf 
Target Device  : xc6slx16
Target Package : csg324
Target Speed   : -2
Mapper Version : spartan6 -- $Revision: 1.55 $
Mapped Date    : Tue Jul 02 15:48:50 2019

Design Summary
--------------
Number of errors:      0
Number of warnings:    0
Slice Logic Utilization:
  Number of Slice Registers:                   668 out of  18,224    3%
    Number used as Flip Flops:                 668
    Number used as Latches:                      0
    Number used as Latch-thrus:                  0
    Number used as AND/OR logics:                0
  Number of Slice LUTs:                        704 out of   9,112    7%
    Number used as logic:                      671 out of   9,112    7%
      Number using O6 output only:             389
      Number using O5 output only:              63
      Number using O5 and O6:                  219
      Number used as ROM:                        0
    Number used as Memory:                       0 out of   2,176    0%
    Number used exclusively as route-thrus:     33
      Number with same-slice register load:     30
      Number with same-slice carry load:         3
      Number with other load:                    0

Slice Logic Distribution:
  Number of occupied Slices:                   238 out of   2,278   10%
  Number of MUXCYs used:                       232 out of   4,556    5%
  Number of LUT Flip Flop pairs used:          787
    Number with an unused Flip Flop:           219 out of     787   27%
    Number with an unused LUT:                  83 out of     787   10%
    Number of fully used LUT-FF pairs:         485 out of     787   61%
    Number of unique control sets:              39
    Number of slice register sites lost
      to control set restrictions:              92 out of  18,224    1%

  A LUT Flip Flop pair for this architecture represents one LUT paired with
  one Flip Flop within a slice.  A control set is a unique combination of
  clock, reset, set, and enable signals for a registered element.
  The Slice Logic Distribution report is not meaningful if the design is
  over-mapped for a non-slice resource or if Placement fails.

IO Utilization:
  Number of bonded IOBs:                        18 out of     232    7%
    Number of LOCed IOBs:                       18 out of      18  100%

Specific Feature Utilization:
  Number of RAMB16BWERs:                         1 out of      32    3%
  Number of RAMB8BWERs:                          0 out of      64    0%
  Number of BUFIO2/BUFIO2_2CLKs:                 1 out of      32    3%
    Number used as BUFIO2s:                      1
    Number used as BUFIO2_2CLKs:                 0
  Number of BUFIO2FB/BUFIO2FB_2CLKs:             1 out of      32    3%
    Number used as BUFIO2FBs:                    1
    Number used as BUFIO2FB_2CLKs:               0
  Number of BUFG/BUFGMUXs:                       3 out of      16   18%
    Number used as BUFGs:                        3
    Number used as BUFGMUX:                      0
  Number of DCM/DCM_CLKGENs:                     1 out of       4   25%
    Number used as DCMs:                         1
    Number used as DCM_CLKGENs:                  0
  Number of ILOGIC2/ISERDES2s:                   0 out of     248    0%
  Number of IODELAY2/IODRP2/IODRP2_MCBs:         0 out of     248    0%
  Number of OLOGIC2/OSERDES2s:                   0 out of     248    0%
  Number of BSCANs:                              0 out of       4    0%
  Number of BUFHs:                               0 out of     128    0%
  Number of BUFPLLs:                             0 out of       8    0%
  Number of BUFPLL_MCBs:                         0 out of       4    0%
  Number of DSP48A1s:                            0 out of      32    0%
  Number of ICAPs:                               0 out of       1    0%
  Number of MCBs:                                0 out of       2    0%
  Number of PCILOGICSEs:                         0 out of       2    0%
  Number of PLL_ADVs:                            0 out of       2    0%
  Number of PMVs:                                0 out of       1    0%
  Number of STARTUPs:                            0 out of       1    0%
  Number of SUSPEND_SYNCs:                       0 out of       1    0%

Average Fanout of Non-Clock Nets:                4.06

Peak Memory Usage:  529 MB
Total REAL time to MAP completion:  9 secs 
Total CPU time to MAP completion:   8 secs 

Table of Contents
-----------------
Section 1 - Errors
Section 2 - Warnings
Section 3 - Informational
Section 4 - Removed Logic Summary
Section 5 - Removed Logic
Section 6 - IOB Properties
Section 7 - RPMs
Section 8 - Guide Report
Section 9 - Area Group and Partition Summary
Section 10 - Timing Report
Section 11 - Configuration String Information
Section 12 - Control Set Information
Section 13 - Utilization by Hierarchy

Section 1 - Errors
------------------

Section 2 - Warnings
--------------------

Section 3 - Informational
-------------------------
INFO:LIT:243 - Logical network wm8731_daclrc_IBUF has no load.
INFO:LIT:395 - The above info message is repeated 12 more times for the
   following (max. 5 shown):
   wm8731_adcdat_IBUF,
   sd_card_audio_m0/audio_buf/U0/xst_fifo_generator/gconvfifo.rf/grf.rf/gntv_or_
   sync_fifo.gl0.rd/gras.grdc1.rdc/rd_dc_i<7>,
   sd_card_audio_m0/audio_buf/U0/xst_fifo_generator/gconvfifo.rf/grf.rf/gntv_or_
   sync_fifo.gl0.rd/gras.grdc1.rdc/rd_dc_i<6>,
   sd_card_audio_m0/audio_buf/U0/xst_fifo_generator/gconvfifo.rf/grf.rf/gntv_or_
   sync_fifo.gl0.rd/gras.grdc1.rdc/rd_dc_i<5>,
   sd_card_audio_m0/audio_buf/U0/xst_fifo_generator/gconvfifo.rf/grf.rf/gntv_or_
   sync_fifo.gl0.rd/gras.grdc1.rdc/rd_dc_i<4>
   To see the details of these info messages, please use the -detail switch.
INFO:MapLib:562 - No environment variables are currently set.
INFO:LIT:244 - All of the single ended outputs in this design are using slew
   rate limited output drivers. The delay on speed critical single ended outputs
   can be dramatically reduced by designating them as fast outputs.
INFO:Pack:1716 - Initializing temperature to 85.000 Celsius. (default - Range:
   0.000 to 85.000 Celsius)
INFO:Pack:1720 - Initializing voltage to 1.140 Volts. (default - Range: 1.140 to
   1.260 Volts)
INFO:Map:215 - The Interim Design Summary has been generated in the MAP Report
   (.mrp).
INFO:Pack:1650 - Map created a placed design.

Section 4 - Removed Logic Summary
---------------------------------
  40 block(s) removed
   5 block(s) optimized away
  40 signal(s) removed

Section 5 - Removed Logic
-------------------------

The trimmed logic report below shows the logic removed from your design due to
sourceless or loadless signals, and VCC or ground connections.  If the removal
of a signal or symbol results in the subsequent removal of an additional signal
or symbol, the message explaining that second removal will be indented.  This
indentation will be repeated as a chain of related logic is removed.

To quickly locate the original cause for the removal of a chain of logic, look
above the place where that logic is listed in the trimming report, then locate
the lines that are least indented (begin at the leftmost edge).

The signal
"sd_card_audio_m0/audio_buf/U0/xst_fifo_generator/gconvfifo.rf/grf.rf/gntv_or_sy
nc_fifo.gl0.rd/gras.grdc1.rdc/rd_dc_i<7>" is sourceless and has been removed.
The signal
"sd_card_audio_m0/audio_buf/U0/xst_fifo_generator/gconvfifo.rf/grf.rf/gntv_or_sy
nc_fifo.gl0.rd/gras.grdc1.rdc/rd_dc_i<6>" is sourceless and has been removed.
The signal
"sd_card_audio_m0/audio_buf/U0/xst_fifo_generator/gconvfifo.rf/grf.rf/gntv_or_sy
nc_fifo.gl0.rd/gras.grdc1.rdc/rd_dc_i<5>" is sourceless and has been removed.
The signal
"sd_card_audio_m0/audio_buf/U0/xst_fifo_generator/gconvfifo.rf/grf.rf/gntv_or_sy
nc_fifo.gl0.rd/gras.grdc1.rdc/rd_dc_i<4>" is sourceless and has been removed.
The signal
"sd_card_audio_m0/audio_buf/U0/xst_fifo_generator/gconvfifo.rf/grf.rf/gntv_or_sy
nc_fifo.gl0.rd/gras.grdc1.rdc/rd_dc_i<3>" is sourceless and has been removed.
The signal
"sd_card_audio_m0/audio_buf/U0/xst_fifo_generator/gconvfifo.rf/grf.rf/gntv_or_sy
nc_fifo.gl0.rd/gras.grdc1.rdc/rd_dc_i<2>" is sourceless and has been removed.
The signal
"sd_card_audio_m0/audio_buf/U0/xst_fifo_generator/gconvfifo.rf/grf.rf/gntv_or_sy
nc_fifo.gl0.rd/gras.grdc1.rdc/rd_dc_i<1>" is sourceless and has been removed.
The signal
"sd_card_audio_m0/audio_buf/U0/xst_fifo_generator/gconvfifo.rf/grf.rf/gntv_or_sy
nc_fifo.gl0.rd/gras.grdc1.rdc/rd_dc_i<0>" is sourceless and has been removed.
The signal
"sd_card_audio_m0/audio_buf/U0/xst_fifo_generator/gconvfifo.rf/grf.rf/gntv_or_sy
nc_fifo.gl0.wr/gwas.wsts/ram_full_i" is sourceless and has been removed.
The signal
"sd_card_audio_m0/audio_buf/U0/xst_fifo_generator/gconvfifo.rf/grf.rf/gntv_or_sy
nc_fifo.gl0.rd/gras.grdc1.rdc/Msub_GND_195_o_GND_195_o_sub_2_OUT<7:0>_cy<6>" is
sourceless and has been removed.
 Sourceless block
"sd_card_audio_m0/audio_buf/U0/xst_fifo_generator/gconvfifo.rf/grf.rf/gntv_or_sy
nc_fifo.gl0.rd/gras.grdc1.rdc/Msub_GND_195_o_GND_195_o_sub_2_OUT<7:0>_xor<7>"
(XOR) removed.
  The signal
"sd_card_audio_m0/audio_buf/U0/xst_fifo_generator/gconvfifo.rf/grf.rf/gntv_or_sy
nc_fifo.gl0.rd/gras.grdc1.rdc/GND_195_o_GND_195_o_sub_2_OUT<7>" is sourceless
and has been removed.
   Sourceless block
"sd_card_audio_m0/audio_buf/U0/xst_fifo_generator/gconvfifo.rf/grf.rf/gntv_or_sy
nc_fifo.gl0.rd/gras.grdc1.rdc/rd_dc_i_7" (FF) removed.
The signal
"sd_card_audio_m0/audio_buf/U0/xst_fifo_generator/gconvfifo.rf/grf.rf/gntv_or_sy
nc_fifo.gl0.rd/gras.grdc1.rdc/Msub_GND_195_o_GND_195_o_sub_2_OUT<7:0>_lut<7>" is
sourceless and has been removed.
The signal
"sd_card_audio_m0/audio_buf/U0/xst_fifo_generator/gconvfifo.rf/grf.rf/gntv_or_sy
nc_fifo.gl0.rd/gras.grdc1.rdc/Msub_GND_195_o_GND_195_o_sub_2_OUT<7:0>_cy<5>" is
sourceless and has been removed.
 Sourceless block
"sd_card_audio_m0/audio_buf/U0/xst_fifo_generator/gconvfifo.rf/grf.rf/gntv_or_sy
nc_fifo.gl0.rd/gras.grdc1.rdc/Msub_GND_195_o_GND_195_o_sub_2_OUT<7:0>_xor<6>"
(XOR) removed.
  The signal
"sd_card_audio_m0/audio_buf/U0/xst_fifo_generator/gconvfifo.rf/grf.rf/gntv_or_sy
nc_fifo.gl0.rd/gras.grdc1.rdc/GND_195_o_GND_195_o_sub_2_OUT<6>" is sourceless
and has been removed.
   Sourceless block
"sd_card_audio_m0/audio_buf/U0/xst_fifo_generator/gconvfifo.rf/grf.rf/gntv_or_sy
nc_fifo.gl0.rd/gras.grdc1.rdc/rd_dc_i_6" (FF) removed.
 Sourceless block
"sd_card_audio_m0/audio_buf/U0/xst_fifo_generator/gconvfifo.rf/grf.rf/gntv_or_sy
nc_fifo.gl0.rd/gras.grdc1.rdc/Msub_GND_195_o_GND_195_o_sub_2_OUT<7:0>_cy<6>"
(MUX) removed.
The signal
"sd_card_audio_m0/audio_buf/U0/xst_fifo_generator/gconvfifo.rf/grf.rf/gntv_or_sy
nc_fifo.gl0.rd/gras.grdc1.rdc/Msub_GND_195_o_GND_195_o_sub_2_OUT<7:0>_lut<6>" is
sourceless and has been removed.
The signal
"sd_card_audio_m0/audio_buf/U0/xst_fifo_generator/gconvfifo.rf/grf.rf/gntv_or_sy
nc_fifo.gl0.rd/gras.grdc1.rdc/Msub_GND_195_o_GND_195_o_sub_2_OUT<7:0>_cy<4>" is
sourceless and has been removed.
 Sourceless block
"sd_card_audio_m0/audio_buf/U0/xst_fifo_generator/gconvfifo.rf/grf.rf/gntv_or_sy
nc_fifo.gl0.rd/gras.grdc1.rdc/Msub_GND_195_o_GND_195_o_sub_2_OUT<7:0>_xor<5>"
(XOR) removed.
  The signal
"sd_card_audio_m0/audio_buf/U0/xst_fifo_generator/gconvfifo.rf/grf.rf/gntv_or_sy
nc_fifo.gl0.rd/gras.grdc1.rdc/GND_195_o_GND_195_o_sub_2_OUT<5>" is sourceless
and has been removed.
   Sourceless block
"sd_card_audio_m0/audio_buf/U0/xst_fifo_generator/gconvfifo.rf/grf.rf/gntv_or_sy
nc_fifo.gl0.rd/gras.grdc1.rdc/rd_dc_i_5" (FF) removed.
 Sourceless block
"sd_card_audio_m0/audio_buf/U0/xst_fifo_generator/gconvfifo.rf/grf.rf/gntv_or_sy
nc_fifo.gl0.rd/gras.grdc1.rdc/Msub_GND_195_o_GND_195_o_sub_2_OUT<7:0>_cy<5>"
(MUX) removed.
The signal
"sd_card_audio_m0/audio_buf/U0/xst_fifo_generator/gconvfifo.rf/grf.rf/gntv_or_sy
nc_fifo.gl0.rd/gras.grdc1.rdc/Msub_GND_195_o_GND_195_o_sub_2_OUT<7:0>_lut<5>" is
sourceless and has been removed.
The signal
"sd_card_audio_m0/audio_buf/U0/xst_fifo_generator/gconvfifo.rf/grf.rf/gntv_or_sy
nc_fifo.gl0.rd/gras.grdc1.rdc/Msub_GND_195_o_GND_195_o_sub_2_OUT<7:0>_cy<3>" is
sourceless and has been removed.
 Sourceless block
"sd_card_audio_m0/audio_buf/U0/xst_fifo_generator/gconvfifo.rf/grf.rf/gntv_or_sy
nc_fifo.gl0.rd/gras.grdc1.rdc/Msub_GND_195_o_GND_195_o_sub_2_OUT<7:0>_xor<4>"
(XOR) removed.
  The signal
"sd_card_audio_m0/audio_buf/U0/xst_fifo_generator/gconvfifo.rf/grf.rf/gntv_or_sy
nc_fifo.gl0.rd/gras.grdc1.rdc/GND_195_o_GND_195_o_sub_2_OUT<4>" is sourceless
and has been removed.
   Sourceless block
"sd_card_audio_m0/audio_buf/U0/xst_fifo_generator/gconvfifo.rf/grf.rf/gntv_or_sy
nc_fifo.gl0.rd/gras.grdc1.rdc/rd_dc_i_4" (FF) removed.
 Sourceless block
"sd_card_audio_m0/audio_buf/U0/xst_fifo_generator/gconvfifo.rf/grf.rf/gntv_or_sy
nc_fifo.gl0.rd/gras.grdc1.rdc/Msub_GND_195_o_GND_195_o_sub_2_OUT<7:0>_cy<4>"
(MUX) removed.
The signal
"sd_card_audio_m0/audio_buf/U0/xst_fifo_generator/gconvfifo.rf/grf.rf/gntv_or_sy
nc_fifo.gl0.rd/gras.grdc1.rdc/Msub_GND_195_o_GND_195_o_sub_2_OUT<7:0>_lut<4>" is
sourceless and has been removed.
The signal
"sd_card_audio_m0/audio_buf/U0/xst_fifo_generator/gconvfifo.rf/grf.rf/gntv_or_sy
nc_fifo.gl0.rd/gras.grdc1.rdc/Msub_GND_195_o_GND_195_o_sub_2_OUT<7:0>_cy<2>" is
sourceless and has been removed.
 Sourceless block
"sd_card_audio_m0/audio_buf/U0/xst_fifo_generator/gconvfifo.rf/grf.rf/gntv_or_sy
nc_fifo.gl0.rd/gras.grdc1.rdc/Msub_GND_195_o_GND_195_o_sub_2_OUT<7:0>_xor<3>"
(XOR) removed.
  The signal
"sd_card_audio_m0/audio_buf/U0/xst_fifo_generator/gconvfifo.rf/grf.rf/gntv_or_sy
nc_fifo.gl0.rd/gras.grdc1.rdc/GND_195_o_GND_195_o_sub_2_OUT<3>" is sourceless
and has been removed.
   Sourceless block
"sd_card_audio_m0/audio_buf/U0/xst_fifo_generator/gconvfifo.rf/grf.rf/gntv_or_sy
nc_fifo.gl0.rd/gras.grdc1.rdc/rd_dc_i_3" (FF) removed.
 Sourceless block
"sd_card_audio_m0/audio_buf/U0/xst_fifo_generator/gconvfifo.rf/grf.rf/gntv_or_sy
nc_fifo.gl0.rd/gras.grdc1.rdc/Msub_GND_195_o_GND_195_o_sub_2_OUT<7:0>_cy<3>"
(MUX) removed.
The signal
"sd_card_audio_m0/audio_buf/U0/xst_fifo_generator/gconvfifo.rf/grf.rf/gntv_or_sy
nc_fifo.gl0.rd/gras.grdc1.rdc/Msub_GND_195_o_GND_195_o_sub_2_OUT<7:0>_lut<3>" is
sourceless and has been removed.
The signal
"sd_card_audio_m0/audio_buf/U0/xst_fifo_generator/gconvfifo.rf/grf.rf/gntv_or_sy
nc_fifo.gl0.rd/gras.grdc1.rdc/Msub_GND_195_o_GND_195_o_sub_2_OUT<7:0>_cy<1>" is
sourceless and has been removed.
 Sourceless block
"sd_card_audio_m0/audio_buf/U0/xst_fifo_generator/gconvfifo.rf/grf.rf/gntv_or_sy
nc_fifo.gl0.rd/gras.grdc1.rdc/Msub_GND_195_o_GND_195_o_sub_2_OUT<7:0>_xor<2>"
(XOR) removed.
  The signal
"sd_card_audio_m0/audio_buf/U0/xst_fifo_generator/gconvfifo.rf/grf.rf/gntv_or_sy
nc_fifo.gl0.rd/gras.grdc1.rdc/GND_195_o_GND_195_o_sub_2_OUT<2>" is sourceless
and has been removed.
   Sourceless block
"sd_card_audio_m0/audio_buf/U0/xst_fifo_generator/gconvfifo.rf/grf.rf/gntv_or_sy
nc_fifo.gl0.rd/gras.grdc1.rdc/rd_dc_i_2" (FF) removed.
 Sourceless block
"sd_card_audio_m0/audio_buf/U0/xst_fifo_generator/gconvfifo.rf/grf.rf/gntv_or_sy
nc_fifo.gl0.rd/gras.grdc1.rdc/Msub_GND_195_o_GND_195_o_sub_2_OUT<7:0>_cy<2>"
(MUX) removed.
The signal
"sd_card_audio_m0/audio_buf/U0/xst_fifo_generator/gconvfifo.rf/grf.rf/gntv_or_sy
nc_fifo.gl0.rd/gras.grdc1.rdc/Msub_GND_195_o_GND_195_o_sub_2_OUT<7:0>_lut<2>" is
sourceless and has been removed.
The signal
"sd_card_audio_m0/audio_buf/U0/xst_fifo_generator/gconvfifo.rf/grf.rf/gntv_or_sy
nc_fifo.gl0.rd/gras.grdc1.rdc/Msub_GND_195_o_GND_195_o_sub_2_OUT<7:0>_cy<0>" is
sourceless and has been removed.
 Sourceless block
"sd_card_audio_m0/audio_buf/U0/xst_fifo_generator/gconvfifo.rf/grf.rf/gntv_or_sy
nc_fifo.gl0.rd/gras.grdc1.rdc/Msub_GND_195_o_GND_195_o_sub_2_OUT<7:0>_xor<1>"
(XOR) removed.
  The signal
"sd_card_audio_m0/audio_buf/U0/xst_fifo_generator/gconvfifo.rf/grf.rf/gntv_or_sy
nc_fifo.gl0.rd/gras.grdc1.rdc/GND_195_o_GND_195_o_sub_2_OUT<1>" is sourceless
and has been removed.
   Sourceless block
"sd_card_audio_m0/audio_buf/U0/xst_fifo_generator/gconvfifo.rf/grf.rf/gntv_or_sy
nc_fifo.gl0.rd/gras.grdc1.rdc/rd_dc_i_1" (FF) removed.
 Sourceless block
"sd_card_audio_m0/audio_buf/U0/xst_fifo_generator/gconvfifo.rf/grf.rf/gntv_or_sy
nc_fifo.gl0.rd/gras.grdc1.rdc/Msub_GND_195_o_GND_195_o_sub_2_OUT<7:0>_cy<1>"
(MUX) removed.
The signal
"sd_card_audio_m0/audio_buf/U0/xst_fifo_generator/gconvfifo.rf/grf.rf/gntv_or_sy
nc_fifo.gl0.rd/gras.grdc1.rdc/Msub_GND_195_o_GND_195_o_sub_2_OUT<7:0>_lut<1>" is
sourceless and has been removed.
The signal
"sd_card_audio_m0/audio_buf/U0/xst_fifo_generator/gconvfifo.rf/grf.rf/gntv_or_sy
nc_fifo.gl0.rd/gras.grdc1.rdc/Msub_GND_195_o_GND_195_o_sub_2_OUT<7:0>_lut<0>" is
sourceless and has been removed.
 Sourceless block
"sd_card_audio_m0/audio_buf/U0/xst_fifo_generator/gconvfifo.rf/grf.rf/gntv_or_sy
nc_fifo.gl0.rd/gras.grdc1.rdc/Msub_GND_195_o_GND_195_o_sub_2_OUT<7:0>_xor<0>"
(XOR) removed.
  The signal
"sd_card_audio_m0/audio_buf/U0/xst_fifo_generator/gconvfifo.rf/grf.rf/gntv_or_sy
nc_fifo.gl0.rd/gras.grdc1.rdc/GND_195_o_GND_195_o_sub_2_OUT<0>" is sourceless
and has been removed.
   Sourceless block
"sd_card_audio_m0/audio_buf/U0/xst_fifo_generator/gconvfifo.rf/grf.rf/gntv_or_sy
nc_fifo.gl0.rd/gras.grdc1.rdc/rd_dc_i_0" (FF) removed.
 Sourceless block
"sd_card_audio_m0/audio_buf/U0/xst_fifo_generator/gconvfifo.rf/grf.rf/gntv_or_sy
nc_fifo.gl0.rd/gras.grdc1.rdc/Msub_GND_195_o_GND_195_o_sub_2_OUT<7:0>_cy<0>"
(MUX) removed.
The signal
"sd_card_audio_m0/audio_buf/U0/xst_fifo_generator/gconvfifo.rf/grf.rf/gntv_or_sy
nc_fifo.gcx.clkx/WR_PNTR[1]_WR_PNTR[2]_XOR_8_o" is sourceless and has been
removed.
 Sourceless block
"sd_card_audio_m0/audio_buf/U0/xst_fifo_generator/gconvfifo.rf/grf.rf/gntv_or_sy
nc_fifo.gcx.clkx/wr_pntr_gc_1" (FF) removed.
  The signal
"sd_card_audio_m0/audio_buf/U0/xst_fifo_generator/gconvfifo.rf/grf.rf/gntv_or_sy
nc_fifo.gcx.clkx/gsync_stage[1].rd_stg_inst/D<1>" is sourceless and has been
removed.
   Sourceless block
"sd_card_audio_m0/audio_buf/U0/xst_fifo_generator/gconvfifo.rf/grf.rf/gntv_or_sy
nc_fifo.gcx.clkx/gsync_stage[1].rd_stg_inst/Q_reg_1" (FF) removed.
    The signal
"sd_card_audio_m0/audio_buf/U0/xst_fifo_generator/gconvfifo.rf/grf.rf/gntv_or_sy
nc_fifo.gcx.clkx/gsync_stage[2].rd_stg_inst/D<1>" is sourceless and has been
removed.
     Sourceless block
"sd_card_audio_m0/audio_buf/U0/xst_fifo_generator/gconvfifo.rf/grf.rf/gntv_or_sy
nc_fifo.gcx.clkx/gsync_stage[2].rd_stg_inst/Q_reg_1" (FF) removed.
      The signal
"sd_card_audio_m0/audio_buf/U0/xst_fifo_generator/gconvfifo.rf/grf.rf/gntv_or_sy
nc_fifo.gcx.clkx/gsync_stage[2].rd_stg_inst/Q_reg<1>" is sourceless and has been
removed.
The signal
"sd_card_audio_m0/audio_buf/U0/xst_fifo_generator/gconvfifo.rf/grf.rf/gntv_or_sy
nc_fifo.gcx.clkx/WR_PNTR[0]_WR_PNTR[1]_XOR_9_o" is sourceless and has been
removed.
 Sourceless block
"sd_card_audio_m0/audio_buf/U0/xst_fifo_generator/gconvfifo.rf/grf.rf/gntv_or_sy
nc_fifo.gcx.clkx/wr_pntr_gc_0" (FF) removed.
  The signal
"sd_card_audio_m0/audio_buf/U0/xst_fifo_generator/gconvfifo.rf/grf.rf/gntv_or_sy
nc_fifo.gcx.clkx/gsync_stage[1].rd_stg_inst/D<0>" is sourceless and has been
removed.
   Sourceless block
"sd_card_audio_m0/audio_buf/U0/xst_fifo_generator/gconvfifo.rf/grf.rf/gntv_or_sy
nc_fifo.gcx.clkx/gsync_stage[1].rd_stg_inst/Q_reg_0" (FF) removed.
    The signal
"sd_card_audio_m0/audio_buf/U0/xst_fifo_generator/gconvfifo.rf/grf.rf/gntv_or_sy
nc_fifo.gcx.clkx/gsync_stage[2].rd_stg_inst/D<0>" is sourceless and has been
removed.
     Sourceless block
"sd_card_audio_m0/audio_buf/U0/xst_fifo_generator/gconvfifo.rf/grf.rf/gntv_or_sy
nc_fifo.gcx.clkx/gsync_stage[2].rd_stg_inst/Q_reg_0" (FF) removed.
      The signal
"sd_card_audio_m0/audio_buf/U0/xst_fifo_generator/gconvfifo.rf/grf.rf/gntv_or_sy
nc_fifo.gcx.clkx/gsync_stage[2].rd_stg_inst/Q_reg<0>" is sourceless and has been
removed.
Unused block
"sd_card_audio_m0/audio_buf/U0/xst_fifo_generator/gconvfifo.rf/grf.rf/gntv_or_sy
nc_fifo.gcx.clkx/Mxor_WR_PNTR[0]_WR_PNTR[1]_XOR_9_o_xo<0>1" (ROM) removed.
Unused block
"sd_card_audio_m0/audio_buf/U0/xst_fifo_generator/gconvfifo.rf/grf.rf/gntv_or_sy
nc_fifo.gcx.clkx/Mxor_WR_PNTR[1]_WR_PNTR[2]_XOR_8_o_xo<0>1" (ROM) removed.
Unused block
"sd_card_audio_m0/audio_buf/U0/xst_fifo_generator/gconvfifo.rf/grf.rf/gntv_or_sy
nc_fifo.gl0.rd/gras.grdc1.rdc/Msub_GND_195_o_GND_195_o_sub_2_OUT<7:0>_lut<0>"
(ROM) removed.
Unused block
"sd_card_audio_m0/audio_buf/U0/xst_fifo_generator/gconvfifo.rf/grf.rf/gntv_or_sy
nc_fifo.gl0.rd/gras.grdc1.rdc/Msub_GND_195_o_GND_195_o_sub_2_OUT<7:0>_lut<1>"
(ROM) removed.
Unused block
"sd_card_audio_m0/audio_buf/U0/xst_fifo_generator/gconvfifo.rf/grf.rf/gntv_or_sy
nc_fifo.gl0.rd/gras.grdc1.rdc/Msub_GND_195_o_GND_195_o_sub_2_OUT<7:0>_lut<2>"
(ROM) removed.
Unused block
"sd_card_audio_m0/audio_buf/U0/xst_fifo_generator/gconvfifo.rf/grf.rf/gntv_or_sy
nc_fifo.gl0.rd/gras.grdc1.rdc/Msub_GND_195_o_GND_195_o_sub_2_OUT<7:0>_lut<3>"
(ROM) removed.
Unused block
"sd_card_audio_m0/audio_buf/U0/xst_fifo_generator/gconvfifo.rf/grf.rf/gntv_or_sy
nc_fifo.gl0.rd/gras.grdc1.rdc/Msub_GND_195_o_GND_195_o_sub_2_OUT<7:0>_lut<4>"
(ROM) removed.
Unused block
"sd_card_audio_m0/audio_buf/U0/xst_fifo_generator/gconvfifo.rf/grf.rf/gntv_or_sy
nc_fifo.gl0.rd/gras.grdc1.rdc/Msub_GND_195_o_GND_195_o_sub_2_OUT<7:0>_lut<5>"
(ROM) removed.
Unused block
"sd_card_audio_m0/audio_buf/U0/xst_fifo_generator/gconvfifo.rf/grf.rf/gntv_or_sy
nc_fifo.gl0.rd/gras.grdc1.rdc/Msub_GND_195_o_GND_195_o_sub_2_OUT<7:0>_lut<6>"
(ROM) removed.
Unused block
"sd_card_audio_m0/audio_buf/U0/xst_fifo_generator/gconvfifo.rf/grf.rf/gntv_or_sy
nc_fifo.gl0.rd/gras.grdc1.rdc/Msub_GND_195_o_GND_195_o_sub_2_OUT<7:0>_lut<7>"
(ROM) removed.
Unused block
"sd_card_audio_m0/audio_buf/U0/xst_fifo_generator/gconvfifo.rf/grf.rf/gntv_or_sy
nc_fifo.gl0.wr/gwas.wsts/ram_full_i" (FF) removed.

Optimized Block(s):
TYPE 		BLOCK
GND 		XST_GND
VCC 		XST_VCC
GND
		sd_card_audio_m0/audio_buf/U0/xst_fifo_generator/gconvfifo.rf/grf.rf/gntv_or_s
ync_fifo.mem/gbm.gbmg.gbmga.ngecc.bmg/gnativebmg.native_blk_mem_gen/valid.cstr/X
ST_GND
GND 		sd_card_audio_m0/audio_buf/XST_GND
VCC 		sd_card_audio_m0/audio_buf/XST_VCC

To enable printing of redundant blocks removed and signals merged, set the
detailed map report option and rerun map.

Section 6 - IOB Properties
--------------------------

+---------------------------------------------------------------------------------------------------------------------------------------------------------+
| IOB Name                           | Type             | Direction | IO Standard          | Diff  | Drive    | Slew | Reg (s)      | Resistor | IOB      |
|                                    |                  |           |                      | Term  | Strength | Rate |              |          | Delay    |
+---------------------------------------------------------------------------------------------------------------------------------------------------------+
| clk                                | IOB              | INPUT     | LVCMOS25             |       |          |      |              |          |          |
| key1                               | IOB              | INPUT     | LVCMOS33             |       |          |      |              |          |          |
| led<0>                             | IOB              | OUTPUT    | LVCMOS33             |       | 12       | SLOW |              |          |          |
| led<1>                             | IOB              | OUTPUT    | LVCMOS33             |       | 12       | SLOW |              |          |          |
| led<2>                             | IOB              | OUTPUT    | LVCMOS33             |       | 12       | SLOW |              |          |          |
| led<3>                             | IOB              | OUTPUT    | LVCMOS33             |       | 12       | SLOW |              |          |          |
| rst_n                              | IOB              | INPUT     | LVCMOS15             |       |          |      |              |          |          |
| sd_dclk                            | IOB              | OUTPUT    | LVCMOS33             |       | 12       | SLOW |              |          |          |
| sd_miso                            | IOB              | INPUT     | LVCMOS33             |       |          |      |              |          |          |
| sd_mosi                            | IOB              | OUTPUT    | LVCMOS33             |       | 12       | SLOW |              |          |          |
| sd_ncs                             | IOB              | OUTPUT    | LVCMOS33             |       | 12       | SLOW |              |          |          |
| wm8731_adcdat                      | IOB              | INPUT     | LVCMOS33             |       |          |      |              |          |          |
| wm8731_adclrc                      | IOB              | INPUT     | LVCMOS33             |       |          |      |              |          |          |
| wm8731_bclk                        | IOB              | INPUT     | LVCMOS33             |       |          |      |              |          |          |
| wm8731_dacdat                      | IOB              | OUTPUT    | LVCMOS33             |       | 12       | SLOW |              |          |          |
| wm8731_daclrc                      | IOB              | INPUT     | LVCMOS33             |       |          |      |              |          |          |
| wm8731_scl                         | IOB              | BIDIR     | LVCMOS33             |       | 12       | SLOW |              |          |          |
| wm8731_sda                         | IOB              | BIDIR     | LVCMOS33             |       | 12       | SLOW |              |          |          |
+---------------------------------------------------------------------------------------------------------------------------------------------------------+

Section 7 - RPMs
----------------

Section 8 - Guide Report
------------------------
Guide not run on this design.

Section 9 - Area Group and Partition Summary
--------------------------------------------

Partition Implementation Status
-------------------------------

  No Partitions were found in this design.

-------------------------------

Area Group Information
----------------------

  No area groups were found in this design.

----------------------

Section 10 - Timing Report
--------------------------
A logic-level (pre-route) timing report can be generated by using Xilinx static
timing analysis tools, Timing Analyzer (GUI) or TRCE (command line), with the
mapped NCD and PCF files. Please note that this timing report will be generated
using estimated delay information. For accurate numbers, please generate a
timing report with the post Place and Route NCD file.

For more information about the Timing Analyzer, consult the Xilinx Timing
Analyzer Reference Manual; for more information about TRCE, consult the Xilinx
Command Line Tools User Guide "TRACE" chapter.

Section 11 - Configuration String Details
-----------------------------------------
Use the "-detail" map option to print out Configuration Strings

Section 12 - Control Set Information
------------------------------------
Use the "-detail" map option to print out Control Set Information.

Section 13 - Utilization by Hierarchy
-------------------------------------
Use the "-detail" map option to print out the Utilization by Hierarchy section.
