INFO:sim:172 - Generating IP...
Resolving generics for 'afifo_16_256'...
Applying external generics to 'afifo_16_256'...
Delivering associated files for 'afifo_16_256'...
Delivering EJava files for 'afifo_16_256'...
Generating implementation netlist for 'afifo_16_256'...
INFO:sim - Pre-processing HDL files for 'afifo_16_256'...
WARNING:sim - BlackBox generator run option '-ifmt' found multiple times. Only
   the first occurence is considered.
Running synthesis for 'afifo_16_256'
Running ngcbuild...
Writing VEO instantiation template for 'afifo_16_256'...
Writing Verilog behavioral simulation model for 'afifo_16_256'...
WARNING:sim - Overwriting existing file
   E:/BaiduYunDownload/AX516.190526/demo/18_1_sd_ddr_vga/ipcore_dir/tmp/_cg/afif
   o_16_256/doc/fifo_generator_v9_3_vinfo.html with file from view
   xilinx_documentation
Delivered 3 files into directory
E:/BaiduYunDownload/AX516.190526/demo/18_1_sd_ddr_vga/ipcore_dir/tmp/_cg/afifo_1
6_256
Delivered 1 file into directory
E:/BaiduYunDownload/AX516.190526/demo/18_1_sd_ddr_vga/ipcore_dir/tmp/_cg/afifo_1
6_256
Generating ASY schematic symbol...
INFO:sim:949 - Finished generation of ASY schematic symbol.
Generating SYM schematic symbol for 'afifo_16_256'...
Generating metadata file...
Generating ISE project file for 'afifo_16_256'...
Generating ISE project...
XCO file found: afifo_16_256.xco
XMDF file found: afifo_16_256_xmdf.tcl
Adding
E:/BaiduYunDownload/AX516.190526/demo/18_1_sd_ddr_vga/ipcore_dir/tmp/_cg/afifo_1
6_256.asy -view all -origin_type imported
Adding
E:/BaiduYunDownload/AX516.190526/demo/18_1_sd_ddr_vga/ipcore_dir/tmp/_cg/afifo_1
6_256.ngc -view all -origin_type created
Checking file
"E:/BaiduYunDownload/AX516.190526/demo/18_1_sd_ddr_vga/ipcore_dir/tmp/_cg/afifo_
16_256.ngc" for project device match ...
File
"E:/BaiduYunDownload/AX516.190526/demo/18_1_sd_ddr_vga/ipcore_dir/tmp/_cg/afifo_
16_256.ngc" device information matches project device.
Adding
E:/BaiduYunDownload/AX516.190526/demo/18_1_sd_ddr_vga/ipcore_dir/tmp/_cg/afifo_1
6_256.sym -view all -origin_type imported
Adding
E:/BaiduYunDownload/AX516.190526/demo/18_1_sd_ddr_vga/ipcore_dir/tmp/_cg/afifo_1
6_256.v -view all -origin_type created
INFO:HDLCompiler:1845 - Analyzing Verilog file
   "E:/BaiduYunDownload/AX516.190526/demo/18_1_sd_ddr_vga/ipcore_dir/tmp/_cg/afi
   fo_16_256.v" into library work
INFO:ProjectMgmt - Parsing design hierarchy completed successfully.
Adding
E:/BaiduYunDownload/AX516.190526/demo/18_1_sd_ddr_vga/ipcore_dir/tmp/_cg/afifo_1
6_256.veo -view all -origin_type imported
INFO:TclTasksC:2116 - The automatic calculation of top has been turned-off.
   Please set the new top explicitly by running the "project set top" command.
   To re-calculate the new top automatically, set the "Auto Implementation Top"
   property to true.
Top level has been set to "/afifo_16_256"
Generating README file...
Generating FLIST file...
INFO:sim:948 - Finished FLIST file generation.
Launching README viewer...
Moving files to output directory...
Finished moving files to output directory
Wrote CGP file for project 'afifo_16_256'.
